{"D:\\GitHub\\ApertureProject\\SWE\\package_npm\\test\\run.js":{"path":"D:\\GitHub\\ApertureProject\\SWE\\package_npm\\test\\run.js","s":{"1":1,"2":1,"3":1,"4":1,"5":9,"6":9,"7":33,"8":33,"9":33,"10":8,"11":25,"12":14,"13":14,"14":1,"15":1,"16":1,"17":1,"18":1},"b":{"1":[8,25],"2":[33,33,9],"3":[14,11],"4":[25,25,24]},"f":{"1":9,"2":33,"3":1,"4":1},"fnMap":{"1":{"name":"(anonymous_1)","line":27,"loc":{"start":{"line":27,"column":19},"end":{"line":27,"column":39}}},"2":{"name":"(anonymous_2)","line":32,"loc":{"start":{"line":32,"column":14},"end":{"line":32,"column":29}}},"3":{"name":"(anonymous_3)","line":54,"loc":{"start":{"line":54,"column":14},"end":{"line":54,"column":25}}},"4":{"name":"(anonymous_4)","line":60,"loc":{"start":{"line":60,"column":18},"end":{"line":60,"column":38}}}},"statementMap":{"1":{"start":{"line":16,"column":0},"end":{"line":16,"column":29}},"2":{"start":{"line":17,"column":0},"end":{"line":17,"column":23}},"3":{"start":{"line":20,"column":0},"end":{"line":20,"column":69}},"4":{"start":{"line":27,"column":0},"end":{"line":48,"column":2}},"5":{"start":{"line":29,"column":1},"end":{"line":29,"column":38}},"6":{"start":{"line":32,"column":1},"end":{"line":47,"column":4}},"7":{"start":{"line":33,"column":2},"end":{"line":33,"column":41}},"8":{"start":{"line":34,"column":2},"end":{"line":34,"column":35}},"9":{"start":{"line":35,"column":2},"end":{"line":46,"column":3}},"10":{"start":{"line":39,"column":3},"end":{"line":39,"column":26}},"11":{"start":{"line":41,"column":8},"end":{"line":46,"column":3}},"12":{"start":{"line":44,"column":3},"end":{"line":44,"column":37}},"13":{"start":{"line":45,"column":3},"end":{"line":45,"column":27}},"14":{"start":{"line":54,"column":0},"end":{"line":64,"column":2}},"15":{"start":{"line":57,"column":2},"end":{"line":57,"column":21}},"16":{"start":{"line":60,"column":8},"end":{"line":62,"column":5}},"17":{"start":{"line":61,"column":3},"end":{"line":61,"column":26}},"18":{"start":{"line":67,"column":0},"end":{"line":67,"column":10}}},"branchMap":{"1":{"line":35,"type":"if","locations":[{"start":{"line":35,"column":2},"end":{"line":35,"column":2}},{"start":{"line":35,"column":2},"end":{"line":35,"column":2}}]},"2":{"line":35,"type":"binary-expr","locations":[{"start":{"line":35,"column":5},"end":{"line":35,"column":9}},{"start":{"line":35,"column":13},"end":{"line":35,"column":31}},{"start":{"line":35,"column":35},"end":{"line":35,"column":69}}]},"3":{"line":41,"type":"if","locations":[{"start":{"line":41,"column":8},"end":{"line":41,"column":8}},{"start":{"line":41,"column":8},"end":{"line":41,"column":8}}]},"4":{"line":41,"type":"binary-expr","locations":[{"start":{"line":41,"column":12},"end":{"line":41,"column":16}},{"start":{"line":41,"column":20},"end":{"line":41,"column":33}},{"start":{"line":41,"column":37},"end":{"line":41,"column":70}}]}}},"D:\\GitHub\\ApertureProject\\SWE\\package_npm\\test\\controller\\dispatcher.test.js":{"path":"D:\\GitHub\\ApertureProject\\SWE\\package_npm\\test\\controller\\dispatcher.test.js","s":{"1":1,"2":1,"3":1,"4":1,"5":1,"6":1,"7":1,"8":1,"9":1,"10":1,"11":1,"12":1,"13":1,"14":1,"15":1,"16":1,"17":1,"18":1,"19":1},"b":{},"f":{"1":1,"2":1,"3":13,"4":4,"5":5,"6":4,"7":1,"8":1,"9":1},"fnMap":{"1":{"name":"(anonymous_1)","line":26,"loc":{"start":{"line":26,"column":35},"end":{"line":26,"column":46}}},"2":{"name":"(anonymous_2)","line":28,"loc":{"start":{"line":28,"column":18},"end":{"line":28,"column":29}}},"3":{"name":"(anonymous_3)","line":31,"loc":{"start":{"line":31,"column":8},"end":{"line":31,"column":18}}},"4":{"name":"(anonymous_4)","line":35,"loc":{"start":{"line":35,"column":9},"end":{"line":35,"column":19}}},"5":{"name":"(anonymous_5)","line":39,"loc":{"start":{"line":39,"column":8},"end":{"line":39,"column":18}}},"6":{"name":"(anonymous_6)","line":43,"loc":{"start":{"line":43,"column":11},"end":{"line":43,"column":21}}},"7":{"name":"(anonymous_7)","line":48,"loc":{"start":{"line":48,"column":32},"end":{"line":48,"column":42}}},"8":{"name":"(anonymous_8)","line":50,"loc":{"start":{"line":50,"column":36},"end":{"line":50,"column":47}}},"9":{"name":"(anonymous_9)","line":52,"loc":{"start":{"line":52,"column":22},"end":{"line":52,"column":35}}}},"statementMap":{"1":{"start":{"line":16,"column":0},"end":{"line":16,"column":27}},"2":{"start":{"line":17,"column":0},"end":{"line":17,"column":27}},"3":{"start":{"line":18,"column":0},"end":{"line":18,"column":25}},"4":{"start":{"line":19,"column":0},"end":{"line":19,"column":25}},"5":{"start":{"line":20,"column":0},"end":{"line":20,"column":34}},"6":{"start":{"line":21,"column":0},"end":{"line":21,"column":31}},"7":{"start":{"line":22,"column":0},"end":{"line":22,"column":16}},"8":{"start":{"line":24,"column":0},"end":{"line":24,"column":70}},"9":{"start":{"line":26,"column":0},"end":{"line":64,"column":3}},"10":{"start":{"line":28,"column":1},"end":{"line":62,"column":4}},"11":{"start":{"line":30,"column":2},"end":{"line":46,"column":4}},"12":{"start":{"line":48,"column":2},"end":{"line":48,"column":71}},"13":{"start":{"line":48,"column":43},"end":{"line":48,"column":65}},"14":{"start":{"line":50,"column":2},"end":{"line":60,"column":5}},"15":{"start":{"line":52,"column":3},"end":{"line":52,"column":38}},"16":{"start":{"line":53,"column":3},"end":{"line":53,"column":36}},"17":{"start":{"line":54,"column":3},"end":{"line":54,"column":48}},"18":{"start":{"line":56,"column":3},"end":{"line":56,"column":24}},"19":{"start":{"line":58,"column":3},"end":{"line":58,"column":37}}},"branchMap":{}},"D:\\GitHub\\ApertureProject\\SWE\\package_npm\\test\\controller\\frontContoller.test.js":{"path":"D:\\GitHub\\ApertureProject\\SWE\\package_npm\\test\\controller\\frontContoller.test.js","s":{"1":1,"2":1,"3":1,"4":1,"5":1,"6":1,"7":1,"8":1,"9":1,"10":1,"11":1,"12":1,"13":1,"14":1,"15":1,"16":1,"17":1,"18":1,"19":1,"20":1},"b":{},"f":{"1":1,"2":1,"3":1,"4":1,"5":1},"fnMap":{"1":{"name":"(anonymous_1)","line":26,"loc":{"start":{"line":26,"column":40},"end":{"line":26,"column":51}}},"2":{"name":"(anonymous_2)","line":28,"loc":{"start":{"line":28,"column":18},"end":{"line":28,"column":29}}},"3":{"name":"(anonymous_3)","line":30,"loc":{"start":{"line":30,"column":41},"end":{"line":30,"column":52}}},"4":{"name":"(anonymous_4)","line":32,"loc":{"start":{"line":32,"column":24},"end":{"line":32,"column":37}}},"5":{"name":"(anonymous_5)","line":36,"loc":{"start":{"line":36,"column":16},"end":{"line":36,"column":43}}}},"statementMap":{"1":{"start":{"line":16,"column":0},"end":{"line":16,"column":27}},"2":{"start":{"line":17,"column":0},"end":{"line":17,"column":27}},"3":{"start":{"line":18,"column":0},"end":{"line":18,"column":25}},"4":{"start":{"line":19,"column":0},"end":{"line":19,"column":25}},"5":{"start":{"line":20,"column":0},"end":{"line":20,"column":34}},"6":{"start":{"line":21,"column":0},"end":{"line":21,"column":31}},"7":{"start":{"line":22,"column":0},"end":{"line":22,"column":16}},"8":{"start":{"line":24,"column":0},"end":{"line":24,"column":80}},"9":{"start":{"line":26,"column":0},"end":{"line":49,"column":3}},"10":{"start":{"line":28,"column":1},"end":{"line":47,"column":4}},"11":{"start":{"line":30,"column":2},"end":{"line":45,"column":5}},"12":{"start":{"line":32,"column":3},"end":{"line":32,"column":40}},"13":{"start":{"line":33,"column":3},"end":{"line":33,"column":38}},"14":{"start":{"line":34,"column":3},"end":{"line":34,"column":55}},"15":{"start":{"line":36,"column":3},"end":{"line":36,"column":46}},"16":{"start":{"line":37,"column":3},"end":{"line":37,"column":31}},"17":{"start":{"line":38,"column":3},"end":{"line":38,"column":25}},"18":{"start":{"line":40,"column":3},"end":{"line":40,"column":29}},"19":{"start":{"line":42,"column":3},"end":{"line":42,"column":37}},"20":{"start":{"line":43,"column":3},"end":{"line":43,"column":38}}},"branchMap":{}},"D:\\GitHub\\ApertureProject\\SWE\\package_npm\\test\\controller\\index.test.js":{"path":"D:\\GitHub\\ApertureProject\\SWE\\package_npm\\test\\controller\\index.test.js","s":{"1":1,"2":1,"3":1,"4":1,"5":1,"6":1,"7":1,"8":1,"9":1,"10":1,"11":1,"12":1,"13":1,"14":1,"15":1,"16":1,"17":1},"b":{},"f":{"1":1,"2":1,"3":1,"4":1},"fnMap":{"1":{"name":"(anonymous_1)","line":26,"loc":{"start":{"line":26,"column":40},"end":{"line":26,"column":51}}},"2":{"name":"(anonymous_2)","line":28,"loc":{"start":{"line":28,"column":18},"end":{"line":28,"column":29}}},"3":{"name":"(anonymous_3)","line":30,"loc":{"start":{"line":30,"column":47},"end":{"line":30,"column":58}}},"4":{"name":"(anonymous_4)","line":32,"loc":{"start":{"line":32,"column":29},"end":{"line":32,"column":42}}}},"statementMap":{"1":{"start":{"line":16,"column":0},"end":{"line":16,"column":27}},"2":{"start":{"line":17,"column":0},"end":{"line":17,"column":27}},"3":{"start":{"line":18,"column":0},"end":{"line":18,"column":25}},"4":{"start":{"line":19,"column":0},"end":{"line":19,"column":25}},"5":{"start":{"line":20,"column":0},"end":{"line":20,"column":34}},"6":{"start":{"line":21,"column":0},"end":{"line":21,"column":31}},"7":{"start":{"line":22,"column":0},"end":{"line":22,"column":16}},"8":{"start":{"line":24,"column":0},"end":{"line":24,"column":70}},"9":{"start":{"line":26,"column":0},"end":{"line":46,"column":3}},"10":{"start":{"line":28,"column":1},"end":{"line":44,"column":4}},"11":{"start":{"line":30,"column":2},"end":{"line":42,"column":5}},"12":{"start":{"line":32,"column":3},"end":{"line":32,"column":45}},"13":{"start":{"line":33,"column":3},"end":{"line":33,"column":43}},"14":{"start":{"line":35,"column":3},"end":{"line":35,"column":60}},"15":{"start":{"line":37,"column":3},"end":{"line":37,"column":16}},"16":{"start":{"line":38,"column":3},"end":{"line":38,"column":29}},"17":{"start":{"line":40,"column":3},"end":{"line":40,"column":37}}},"branchMap":{}},"D:\\GitHub\\ApertureProject\\SWE\\package_npm\\test\\controller\\passport.test.js":{"path":"D:\\GitHub\\ApertureProject\\SWE\\package_npm\\test\\controller\\passport.test.js","s":{"1":1,"2":1,"3":1,"4":1,"5":1,"6":1,"7":1,"8":12,"9":12,"10":12,"11":1,"12":12,"13":12,"14":7,"15":1,"16":1,"17":1,"18":1,"19":1,"20":1,"21":1,"22":1,"23":1,"24":1,"25":1,"26":1,"27":1,"28":1,"29":1,"30":1,"31":1,"32":1,"33":1,"34":1,"35":1,"36":1,"37":1,"38":1,"39":1,"40":1,"41":1,"42":1,"43":1,"44":1,"45":1,"46":1,"47":1,"48":1,"49":1,"50":1,"51":1,"52":1,"53":1,"54":1,"55":1,"56":1,"57":1,"58":1,"59":1,"60":1,"61":1,"62":1,"63":1,"64":1,"65":1,"66":1,"67":1,"68":1,"69":1,"70":1,"71":1,"72":1,"73":1,"74":1,"75":1,"76":1,"77":1,"78":1,"79":1,"80":1,"81":1,"82":1,"83":1,"84":1,"85":1,"86":1,"87":1,"88":1,"89":1,"90":1,"91":1},"b":{},"f":{"1":1,"2":12,"3":12,"4":12,"5":7,"6":1,"7":1,"8":1,"9":1,"10":0,"11":1,"12":0,"13":1,"14":0,"15":1,"16":1,"17":1,"18":1,"19":0,"20":1,"21":0,"22":1,"23":1,"24":1,"25":1,"26":1,"27":1,"28":1,"29":1,"30":1,"31":1,"32":0,"33":1,"34":0},"fnMap":{"1":{"name":"(anonymous_1)","line":24,"loc":{"start":{"line":24,"column":33},"end":{"line":24,"column":44}}},"2":{"name":"(anonymous_2)","line":26,"loc":{"start":{"line":26,"column":15},"end":{"line":26,"column":40}}},"3":{"name":"isAuthenticated","line":35,"loc":{"start":{"line":35,"column":25},"end":{"line":35,"column":51}}},"4":{"name":"(anonymous_4)","line":40,"loc":{"start":{"line":40,"column":16},"end":{"line":40,"column":27}}},"5":{"name":"(anonymous_5)","line":42,"loc":{"start":{"line":42,"column":14},"end":{"line":42,"column":30}}},"6":{"name":"(anonymous_6)","line":47,"loc":{"start":{"line":47,"column":26},"end":{"line":47,"column":37}}},"7":{"name":"(anonymous_7)","line":51,"loc":{"start":{"line":51,"column":28},"end":{"line":51,"column":39}}},"8":{"name":"(anonymous_8)","line":55,"loc":{"start":{"line":55,"column":37},"end":{"line":55,"column":48}}},"9":{"name":"(anonymous_9)","line":57,"loc":{"start":{"line":57,"column":76},"end":{"line":57,"column":91}}},"10":{"name":"(anonymous_10)","line":60,"loc":{"start":{"line":60,"column":14},"end":{"line":60,"column":24}}},"11":{"name":"(anonymous_11)","line":66,"loc":{"start":{"line":66,"column":74},"end":{"line":66,"column":89}}},"12":{"name":"(anonymous_12)","line":69,"loc":{"start":{"line":69,"column":14},"end":{"line":69,"column":24}}},"13":{"name":"(anonymous_13)","line":75,"loc":{"start":{"line":75,"column":72},"end":{"line":75,"column":87}}},"14":{"name":"(anonymous_14)","line":78,"loc":{"start":{"line":78,"column":14},"end":{"line":78,"column":24}}},"15":{"name":"(anonymous_15)","line":84,"loc":{"start":{"line":84,"column":66},"end":{"line":84,"column":77}}},"16":{"name":"(anonymous_16)","line":87,"loc":{"start":{"line":87,"column":14},"end":{"line":87,"column":24}}},"17":{"name":"(anonymous_17)","line":95,"loc":{"start":{"line":95,"column":32},"end":{"line":95,"column":43}}},"18":{"name":"(anonymous_18)","line":97,"loc":{"start":{"line":97,"column":70},"end":{"line":97,"column":85}}},"19":{"name":"(anonymous_19)","line":100,"loc":{"start":{"line":100,"column":14},"end":{"line":100,"column":24}}},"20":{"name":"(anonymous_20)","line":106,"loc":{"start":{"line":106,"column":68},"end":{"line":106,"column":83}}},"21":{"name":"(anonymous_21)","line":109,"loc":{"start":{"line":109,"column":14},"end":{"line":109,"column":24}}},"22":{"name":"(anonymous_22)","line":115,"loc":{"start":{"line":115,"column":62},"end":{"line":115,"column":77}}},"23":{"name":"(anonymous_23)","line":118,"loc":{"start":{"line":118,"column":14},"end":{"line":118,"column":24}}},"24":{"name":"(anonymous_24)","line":124,"loc":{"start":{"line":124,"column":60},"end":{"line":124,"column":71}}},"25":{"name":"(anonymous_25)","line":127,"loc":{"start":{"line":127,"column":14},"end":{"line":127,"column":24}}},"26":{"name":"(anonymous_26)","line":134,"loc":{"start":{"line":134,"column":35},"end":{"line":134,"column":46}}},"27":{"name":"(anonymous_27)","line":136,"loc":{"start":{"line":136,"column":70},"end":{"line":136,"column":85}}},"28":{"name":"(anonymous_28)","line":139,"loc":{"start":{"line":139,"column":14},"end":{"line":139,"column":24}}},"29":{"name":"(anonymous_29)","line":145,"loc":{"start":{"line":145,"column":68},"end":{"line":145,"column":83}}},"30":{"name":"(anonymous_30)","line":148,"loc":{"start":{"line":148,"column":14},"end":{"line":148,"column":24}}},"31":{"name":"(anonymous_31)","line":154,"loc":{"start":{"line":154,"column":62},"end":{"line":154,"column":77}}},"32":{"name":"(anonymous_32)","line":157,"loc":{"start":{"line":157,"column":14},"end":{"line":157,"column":24}}},"33":{"name":"(anonymous_33)","line":163,"loc":{"start":{"line":163,"column":60},"end":{"line":163,"column":71}}},"34":{"name":"(anonymous_34)","line":166,"loc":{"start":{"line":166,"column":14},"end":{"line":166,"column":24}}}},"statementMap":{"1":{"start":{"line":17,"column":0},"end":{"line":17,"column":27}},"2":{"start":{"line":18,"column":0},"end":{"line":18,"column":27}},"3":{"start":{"line":19,"column":0},"end":{"line":19,"column":25}},"4":{"start":{"line":20,"column":0},"end":{"line":20,"column":25}},"5":{"start":{"line":22,"column":0},"end":{"line":22,"column":67}},"6":{"start":{"line":24,"column":0},"end":{"line":173,"column":3}},"7":{"start":{"line":26,"column":1},"end":{"line":38,"column":3}},"8":{"start":{"line":27,"column":2},"end":{"line":33,"column":4}},"9":{"start":{"line":35,"column":2},"end":{"line":37,"column":4}},"10":{"start":{"line":36,"column":3},"end":{"line":36,"column":18}},"11":{"start":{"line":40,"column":1},"end":{"line":45,"column":3}},"12":{"start":{"line":41,"column":2},"end":{"line":41,"column":25}},"13":{"start":{"line":42,"column":2},"end":{"line":44,"column":4}},"14":{"start":{"line":43,"column":3},"end":{"line":43,"column":28}},"15":{"start":{"line":47,"column":1},"end":{"line":49,"column":4}},"16":{"start":{"line":51,"column":1},"end":{"line":53,"column":4}},"17":{"start":{"line":55,"column":1},"end":{"line":92,"column":4}},"18":{"start":{"line":57,"column":2},"end":{"line":90,"column":5}},"19":{"start":{"line":58,"column":3},"end":{"line":58,"column":28}},"20":{"start":{"line":59,"column":3},"end":{"line":59,"column":35}},"21":{"start":{"line":60,"column":3},"end":{"line":60,"column":27}},"22":{"start":{"line":61,"column":3},"end":{"line":61,"column":52}},"23":{"start":{"line":62,"column":3},"end":{"line":62,"column":40}},"24":{"start":{"line":63,"column":3},"end":{"line":63,"column":10}},"25":{"start":{"line":67,"column":3},"end":{"line":67,"column":28}},"26":{"start":{"line":68,"column":3},"end":{"line":68,"column":35}},"27":{"start":{"line":69,"column":3},"end":{"line":69,"column":27}},"28":{"start":{"line":70,"column":3},"end":{"line":70,"column":52}},"29":{"start":{"line":71,"column":3},"end":{"line":71,"column":40}},"30":{"start":{"line":72,"column":3},"end":{"line":72,"column":10}},"31":{"start":{"line":76,"column":3},"end":{"line":76,"column":28}},"32":{"start":{"line":77,"column":3},"end":{"line":77,"column":34}},"33":{"start":{"line":78,"column":3},"end":{"line":78,"column":27}},"34":{"start":{"line":79,"column":3},"end":{"line":79,"column":52}},"35":{"start":{"line":80,"column":3},"end":{"line":80,"column":40}},"36":{"start":{"line":81,"column":3},"end":{"line":81,"column":10}},"37":{"start":{"line":85,"column":3},"end":{"line":85,"column":28}},"38":{"start":{"line":86,"column":3},"end":{"line":86,"column":34}},"39":{"start":{"line":87,"column":3},"end":{"line":87,"column":27}},"40":{"start":{"line":88,"column":3},"end":{"line":88,"column":52}},"41":{"start":{"line":89,"column":3},"end":{"line":89,"column":41}},"42":{"start":{"line":95,"column":1},"end":{"line":132,"column":4}},"43":{"start":{"line":97,"column":2},"end":{"line":130,"column":5}},"44":{"start":{"line":98,"column":3},"end":{"line":98,"column":28}},"45":{"start":{"line":99,"column":3},"end":{"line":99,"column":35}},"46":{"start":{"line":100,"column":3},"end":{"line":100,"column":27}},"47":{"start":{"line":101,"column":3},"end":{"line":101,"column":47}},"48":{"start":{"line":102,"column":3},"end":{"line":102,"column":40}},"49":{"start":{"line":103,"column":3},"end":{"line":103,"column":10}},"50":{"start":{"line":107,"column":3},"end":{"line":107,"column":28}},"51":{"start":{"line":108,"column":3},"end":{"line":108,"column":35}},"52":{"start":{"line":109,"column":3},"end":{"line":109,"column":27}},"53":{"start":{"line":110,"column":3},"end":{"line":110,"column":47}},"54":{"start":{"line":111,"column":3},"end":{"line":111,"column":40}},"55":{"start":{"line":112,"column":3},"end":{"line":112,"column":10}},"56":{"start":{"line":116,"column":3},"end":{"line":116,"column":28}},"57":{"start":{"line":117,"column":3},"end":{"line":117,"column":34}},"58":{"start":{"line":118,"column":3},"end":{"line":118,"column":27}},"59":{"start":{"line":119,"column":3},"end":{"line":119,"column":47}},"60":{"start":{"line":120,"column":3},"end":{"line":120,"column":41}},"61":{"start":{"line":121,"column":3},"end":{"line":121,"column":10}},"62":{"start":{"line":125,"column":3},"end":{"line":125,"column":28}},"63":{"start":{"line":126,"column":3},"end":{"line":126,"column":34}},"64":{"start":{"line":127,"column":3},"end":{"line":127,"column":27}},"65":{"start":{"line":128,"column":3},"end":{"line":128,"column":47}},"66":{"start":{"line":129,"column":3},"end":{"line":129,"column":41}},"67":{"start":{"line":134,"column":1},"end":{"line":171,"column":4}},"68":{"start":{"line":136,"column":2},"end":{"line":169,"column":5}},"69":{"start":{"line":137,"column":3},"end":{"line":137,"column":28}},"70":{"start":{"line":138,"column":3},"end":{"line":138,"column":35}},"71":{"start":{"line":139,"column":3},"end":{"line":139,"column":27}},"72":{"start":{"line":140,"column":3},"end":{"line":140,"column":50}},"73":{"start":{"line":141,"column":3},"end":{"line":141,"column":41}},"74":{"start":{"line":142,"column":3},"end":{"line":142,"column":10}},"75":{"start":{"line":146,"column":3},"end":{"line":146,"column":28}},"76":{"start":{"line":147,"column":3},"end":{"line":147,"column":35}},"77":{"start":{"line":148,"column":3},"end":{"line":148,"column":27}},"78":{"start":{"line":149,"column":3},"end":{"line":149,"column":50}},"79":{"start":{"line":150,"column":3},"end":{"line":150,"column":41}},"80":{"start":{"line":151,"column":3},"end":{"line":151,"column":10}},"81":{"start":{"line":155,"column":3},"end":{"line":155,"column":28}},"82":{"start":{"line":156,"column":3},"end":{"line":156,"column":34}},"83":{"start":{"line":157,"column":3},"end":{"line":157,"column":27}},"84":{"start":{"line":158,"column":3},"end":{"line":158,"column":50}},"85":{"start":{"line":159,"column":3},"end":{"line":159,"column":40}},"86":{"start":{"line":160,"column":3},"end":{"line":160,"column":10}},"87":{"start":{"line":164,"column":3},"end":{"line":164,"column":28}},"88":{"start":{"line":165,"column":3},"end":{"line":165,"column":34}},"89":{"start":{"line":166,"column":3},"end":{"line":166,"column":27}},"90":{"start":{"line":167,"column":3},"end":{"line":167,"column":50}},"91":{"start":{"line":168,"column":3},"end":{"line":168,"column":40}}},"branchMap":{}},"D:\\GitHub\\ApertureProject\\SWE\\package_npm\\test\\modelServer\\dataManager\\DatabaseAnalysisManager\\DatabaseAnalysisManager.test.js":{"path":"D:\\GitHub\\ApertureProject\\SWE\\package_npm\\test\\modelServer\\dataManager\\DatabaseAnalysisManager\\DatabaseAnalysisManager.test.js","s":{"1":1,"2":1,"3":1,"4":1,"5":1,"6":1,"7":1,"8":1,"9":1,"10":1,"11":1,"12":1,"13":1,"14":1,"15":1,"16":1,"17":1,"18":1,"19":1,"20":1,"21":1,"22":1,"23":1,"24":1,"25":1,"26":1,"27":1,"28":1,"29":1,"30":1,"31":1,"32":1,"33":1,"34":1,"35":1,"36":1,"37":1,"38":1,"39":1,"40":1,"41":1,"42":1,"43":1,"44":1,"45":1,"46":1,"47":1,"48":1,"49":1,"50":1,"51":1,"52":1,"53":1,"54":1,"55":1,"56":1,"57":1,"58":1,"59":1,"60":1,"61":1,"62":1,"63":1,"64":1,"65":1,"66":1,"67":1,"68":1,"69":1,"70":1,"71":1,"72":1,"73":1,"74":1,"75":1,"76":1,"77":1,"78":1,"79":1,"80":1,"81":1,"82":1,"83":1,"84":1,"85":1,"86":1,"87":1,"88":1,"89":1,"90":1,"91":1,"92":1,"93":1,"94":1,"95":1,"96":1,"97":1,"98":1,"99":1,"100":1,"101":1,"102":1,"103":1,"104":1,"105":1,"106":1,"107":1,"108":1,"109":1,"110":1,"111":1,"112":1,"113":1,"114":1,"115":1,"116":1,"117":1,"118":1,"119":1,"120":1,"121":1,"122":1,"123":1,"124":1,"125":1,"126":1,"127":1,"128":1,"129":1,"130":1,"131":1,"132":1,"133":1,"134":1,"135":1,"136":1,"137":1,"138":1,"139":1,"140":1,"141":1,"142":1,"143":1,"144":1,"145":1,"146":1,"147":1,"148":1,"149":1,"150":1,"151":1,"152":1,"153":1,"154":1,"155":1,"156":1,"157":1,"158":1,"159":1,"160":1,"161":1,"162":1,"163":1,"164":1,"165":1,"166":1,"167":1,"168":1,"169":1,"170":1,"171":1,"172":1,"173":1,"174":1,"175":1,"176":1,"177":1,"178":1,"179":1,"180":1,"181":1,"182":1,"183":1,"184":1,"185":1,"186":1,"187":1,"188":1,"189":1,"190":1,"191":1,"192":1,"193":1,"194":1,"195":1,"196":1,"197":1,"198":1,"199":1,"200":1,"201":1,"202":1,"203":1,"204":1,"205":1,"206":1,"207":1,"208":1,"209":1,"210":1,"211":1,"212":1,"213":1,"214":1,"215":1,"216":1,"217":1,"218":1,"219":1,"220":1,"221":1,"222":1,"223":1,"224":1,"225":1,"226":1,"227":1,"228":1,"229":1,"230":1,"231":1,"232":1,"233":1,"234":1,"235":1,"236":1,"237":1,"238":1,"239":1,"240":1,"241":1,"242":1,"243":1,"244":1,"245":1,"246":1,"247":1,"248":1,"249":1,"250":1,"251":1,"252":1,"253":1,"254":1,"255":1,"256":1,"257":1,"258":1,"259":1,"260":1,"261":1,"262":1,"263":1,"264":1,"265":1,"266":1,"267":1,"268":1,"269":1,"270":1,"271":1,"272":1,"273":1,"274":1,"275":1,"276":1,"277":1,"278":1,"279":1,"280":1,"281":1,"282":1,"283":1,"284":1,"285":1,"286":1,"287":1,"288":1,"289":1,"290":1,"291":1,"292":1,"293":1,"294":1,"295":1,"296":1,"297":1,"298":1,"299":1,"300":1,"301":1,"302":1,"303":1,"304":1,"305":1,"306":1,"307":1,"308":1,"309":1,"310":1,"311":1,"312":1},"b":{},"f":{"1":1,"2":1,"3":1,"4":1,"5":1,"6":1,"7":1,"8":1,"9":1,"10":1,"11":1,"12":1,"13":1,"14":1,"15":1,"16":1,"17":1,"18":1,"19":1,"20":1,"21":1,"22":1,"23":1,"24":1,"25":1,"26":1,"27":1,"28":1,"29":1,"30":1,"31":1,"32":1,"33":1,"34":1,"35":1,"36":1,"37":1,"38":1,"39":1,"40":1,"41":1,"42":1,"43":1,"44":1,"45":1,"46":1,"47":1,"48":1,"49":1,"50":1,"51":1,"52":1,"53":1,"54":1,"55":1,"56":1,"57":1,"58":1,"59":1,"60":1,"61":1,"62":1,"63":1,"64":1,"65":1,"66":1,"67":1,"68":1,"69":1,"70":1,"71":1,"72":1,"73":1,"74":1,"75":1,"76":1,"77":1,"78":1,"79":1,"80":1,"81":1,"82":1,"83":1,"84":1,"85":1,"86":1,"87":1,"88":1,"89":1,"90":1,"91":1,"92":1,"93":1,"94":1,"95":1,"96":1,"97":1,"98":1,"99":1,"100":1,"101":1,"102":1,"103":1,"104":1,"105":1,"106":1,"107":1,"108":1,"109":1,"110":1,"111":1,"112":1,"113":1,"114":1,"115":1,"116":1,"117":1,"118":1,"119":1,"120":1,"121":1,"122":1,"123":1,"124":1,"125":1,"126":1,"127":1,"128":1,"129":1,"130":1,"131":1,"132":1,"133":1,"134":1,"135":1,"136":1,"137":1,"138":1,"139":1,"140":1,"141":1,"142":1,"143":1,"144":1,"145":1},"fnMap":{"1":{"name":"(anonymous_1)","line":26,"loc":{"start":{"line":26,"column":48},"end":{"line":26,"column":59}}},"2":{"name":"(anonymous_2)","line":28,"loc":{"start":{"line":28,"column":33},"end":{"line":28,"column":44}}},"3":{"name":"(anonymous_3)","line":30,"loc":{"start":{"line":30,"column":76},"end":{"line":30,"column":87}}},"4":{"name":"(anonymous_4)","line":32,"loc":{"start":{"line":32,"column":53},"end":{"line":32,"column":67}}},"5":{"name":"(anonymous_5)","line":33,"loc":{"start":{"line":33,"column":59},"end":{"line":33,"column":84}}},"6":{"name":"(anonymous_6)","line":37,"loc":{"start":{"line":37,"column":43},"end":{"line":37,"column":61}}},"7":{"name":"(anonymous_7)","line":45,"loc":{"start":{"line":45,"column":28},"end":{"line":45,"column":39}}},"8":{"name":"(anonymous_8)","line":47,"loc":{"start":{"line":47,"column":106},"end":{"line":47,"column":117}}},"9":{"name":"(anonymous_9)","line":50,"loc":{"start":{"line":50,"column":53},"end":{"line":50,"column":109}}},"10":{"name":"(anonymous_10)","line":51,"loc":{"start":{"line":51,"column":54},"end":{"line":51,"column":90}}},"11":{"name":"(anonymous_11)","line":55,"loc":{"start":{"line":55,"column":38},"end":{"line":55,"column":56}}},"12":{"name":"(anonymous_12)","line":61,"loc":{"start":{"line":61,"column":109},"end":{"line":61,"column":120}}},"13":{"name":"(anonymous_13)","line":64,"loc":{"start":{"line":64,"column":53},"end":{"line":64,"column":109}}},"14":{"name":"(anonymous_14)","line":65,"loc":{"start":{"line":65,"column":54},"end":{"line":65,"column":90}}},"15":{"name":"(anonymous_15)","line":69,"loc":{"start":{"line":69,"column":38},"end":{"line":69,"column":56}}},"16":{"name":"(anonymous_16)","line":75,"loc":{"start":{"line":75,"column":107},"end":{"line":75,"column":118}}},"17":{"name":"(anonymous_17)","line":78,"loc":{"start":{"line":78,"column":53},"end":{"line":78,"column":109}}},"18":{"name":"(anonymous_18)","line":79,"loc":{"start":{"line":79,"column":54},"end":{"line":79,"column":90}}},"19":{"name":"(anonymous_19)","line":83,"loc":{"start":{"line":83,"column":38},"end":{"line":83,"column":56}}},"20":{"name":"(anonymous_20)","line":89,"loc":{"start":{"line":89,"column":74},"end":{"line":89,"column":85}}},"21":{"name":"(anonymous_21)","line":91,"loc":{"start":{"line":91,"column":53},"end":{"line":91,"column":109}}},"22":{"name":"(anonymous_22)","line":92,"loc":{"start":{"line":92,"column":54},"end":{"line":92,"column":90}}},"23":{"name":"(anonymous_23)","line":96,"loc":{"start":{"line":96,"column":38},"end":{"line":96,"column":56}}},"24":{"name":"(anonymous_24)","line":102,"loc":{"start":{"line":102,"column":72},"end":{"line":102,"column":83}}},"25":{"name":"(anonymous_25)","line":104,"loc":{"start":{"line":104,"column":53},"end":{"line":104,"column":109}}},"26":{"name":"(anonymous_26)","line":105,"loc":{"start":{"line":105,"column":54},"end":{"line":105,"column":90}}},"27":{"name":"(anonymous_27)","line":109,"loc":{"start":{"line":109,"column":38},"end":{"line":109,"column":56}}},"28":{"name":"(anonymous_28)","line":115,"loc":{"start":{"line":115,"column":74},"end":{"line":115,"column":85}}},"29":{"name":"(anonymous_29)","line":117,"loc":{"start":{"line":117,"column":53},"end":{"line":117,"column":109}}},"30":{"name":"(anonymous_30)","line":118,"loc":{"start":{"line":118,"column":54},"end":{"line":118,"column":90}}},"31":{"name":"(anonymous_31)","line":122,"loc":{"start":{"line":122,"column":38},"end":{"line":122,"column":56}}},"32":{"name":"(anonymous_32)","line":128,"loc":{"start":{"line":128,"column":59},"end":{"line":128,"column":70}}},"33":{"name":"(anonymous_33)","line":130,"loc":{"start":{"line":130,"column":53},"end":{"line":130,"column":109}}},"34":{"name":"(anonymous_34)","line":131,"loc":{"start":{"line":131,"column":54},"end":{"line":131,"column":90}}},"35":{"name":"(anonymous_35)","line":135,"loc":{"start":{"line":135,"column":38},"end":{"line":135,"column":56}}},"36":{"name":"(anonymous_36)","line":142,"loc":{"start":{"line":142,"column":75},"end":{"line":142,"column":86}}},"37":{"name":"(anonymous_37)","line":145,"loc":{"start":{"line":145,"column":53},"end":{"line":145,"column":109}}},"38":{"name":"(anonymous_38)","line":149,"loc":{"start":{"line":149,"column":38},"end":{"line":149,"column":60}}},"39":{"name":"(anonymous_39)","line":157,"loc":{"start":{"line":157,"column":26},"end":{"line":157,"column":37}}},"40":{"name":"(anonymous_40)","line":159,"loc":{"start":{"line":159,"column":100},"end":{"line":159,"column":111}}},"41":{"name":"(anonymous_41)","line":162,"loc":{"start":{"line":162,"column":50},"end":{"line":162,"column":98}}},"42":{"name":"(anonymous_42)","line":163,"loc":{"start":{"line":163,"column":52},"end":{"line":163,"column":74}}},"43":{"name":"(anonymous_43)","line":167,"loc":{"start":{"line":167,"column":36},"end":{"line":167,"column":54}}},"44":{"name":"(anonymous_44)","line":173,"loc":{"start":{"line":173,"column":98},"end":{"line":173,"column":109}}},"45":{"name":"(anonymous_45)","line":176,"loc":{"start":{"line":176,"column":50},"end":{"line":176,"column":98}}},"46":{"name":"(anonymous_46)","line":177,"loc":{"start":{"line":177,"column":52},"end":{"line":177,"column":74}}},"47":{"name":"(anonymous_47)","line":181,"loc":{"start":{"line":181,"column":36},"end":{"line":181,"column":54}}},"48":{"name":"(anonymous_48)","line":187,"loc":{"start":{"line":187,"column":70},"end":{"line":187,"column":81}}},"49":{"name":"(anonymous_49)","line":190,"loc":{"start":{"line":190,"column":50},"end":{"line":190,"column":98}}},"50":{"name":"(anonymous_50)","line":194,"loc":{"start":{"line":194,"column":36},"end":{"line":194,"column":58}}},"51":{"name":"(anonymous_51)","line":200,"loc":{"start":{"line":200,"column":67},"end":{"line":200,"column":78}}},"52":{"name":"(anonymous_52)","line":202,"loc":{"start":{"line":202,"column":50},"end":{"line":202,"column":98}}},"53":{"name":"(anonymous_53)","line":203,"loc":{"start":{"line":203,"column":52},"end":{"line":203,"column":74}}},"54":{"name":"(anonymous_54)","line":207,"loc":{"start":{"line":207,"column":36},"end":{"line":207,"column":54}}},"55":{"name":"(anonymous_55)","line":213,"loc":{"start":{"line":213,"column":63},"end":{"line":213,"column":74}}},"56":{"name":"(anonymous_56)","line":215,"loc":{"start":{"line":215,"column":50},"end":{"line":215,"column":98}}},"57":{"name":"(anonymous_57)","line":216,"loc":{"start":{"line":216,"column":52},"end":{"line":216,"column":74}}},"58":{"name":"(anonymous_58)","line":220,"loc":{"start":{"line":220,"column":36},"end":{"line":220,"column":54}}},"59":{"name":"(anonymous_59)","line":228,"loc":{"start":{"line":228,"column":30},"end":{"line":228,"column":41}}},"60":{"name":"(anonymous_60)","line":230,"loc":{"start":{"line":230,"column":71},"end":{"line":230,"column":82}}},"61":{"name":"(anonymous_61)","line":233,"loc":{"start":{"line":233,"column":54},"end":{"line":233,"column":102}}},"62":{"name":"(anonymous_62)","line":237,"loc":{"start":{"line":237,"column":40},"end":{"line":237,"column":58}}},"63":{"name":"(anonymous_63)","line":243,"loc":{"start":{"line":243,"column":67},"end":{"line":243,"column":78}}},"64":{"name":"(anonymous_64)","line":245,"loc":{"start":{"line":245,"column":54},"end":{"line":245,"column":102}}},"65":{"name":"(anonymous_65)","line":249,"loc":{"start":{"line":249,"column":40},"end":{"line":249,"column":58}}},"66":{"name":"(anonymous_66)","line":255,"loc":{"start":{"line":255,"column":63},"end":{"line":255,"column":74}}},"67":{"name":"(anonymous_67)","line":257,"loc":{"start":{"line":257,"column":54},"end":{"line":257,"column":102}}},"68":{"name":"(anonymous_68)","line":261,"loc":{"start":{"line":261,"column":40},"end":{"line":261,"column":58}}},"69":{"name":"(anonymous_69)","line":269,"loc":{"start":{"line":269,"column":28},"end":{"line":269,"column":39}}},"70":{"name":"(anonymous_70)","line":271,"loc":{"start":{"line":271,"column":83},"end":{"line":271,"column":94}}},"71":{"name":"(anonymous_71)","line":273,"loc":{"start":{"line":273,"column":49},"end":{"line":273,"column":107}}},"72":{"name":"(anonymous_72)","line":277,"loc":{"start":{"line":277,"column":38},"end":{"line":277,"column":60}}},"73":{"name":"(anonymous_73)","line":283,"loc":{"start":{"line":283,"column":83},"end":{"line":283,"column":94}}},"74":{"name":"(anonymous_74)","line":285,"loc":{"start":{"line":285,"column":49},"end":{"line":285,"column":107}}},"75":{"name":"(anonymous_75)","line":289,"loc":{"start":{"line":289,"column":38},"end":{"line":289,"column":60}}},"76":{"name":"(anonymous_76)","line":297,"loc":{"start":{"line":297,"column":28},"end":{"line":297,"column":39}}},"77":{"name":"(anonymous_77)","line":299,"loc":{"start":{"line":299,"column":83},"end":{"line":299,"column":94}}},"78":{"name":"(anonymous_78)","line":301,"loc":{"start":{"line":301,"column":49},"end":{"line":301,"column":97}}},"79":{"name":"(anonymous_79)","line":305,"loc":{"start":{"line":305,"column":38},"end":{"line":305,"column":60}}},"80":{"name":"(anonymous_80)","line":311,"loc":{"start":{"line":311,"column":87},"end":{"line":311,"column":98}}},"81":{"name":"(anonymous_81)","line":313,"loc":{"start":{"line":313,"column":49},"end":{"line":313,"column":97}}},"82":{"name":"(anonymous_82)","line":317,"loc":{"start":{"line":317,"column":38},"end":{"line":317,"column":60}}},"83":{"name":"(anonymous_83)","line":325,"loc":{"start":{"line":325,"column":26},"end":{"line":325,"column":37}}},"84":{"name":"(anonymous_84)","line":327,"loc":{"start":{"line":327,"column":82},"end":{"line":327,"column":93}}},"85":{"name":"(anonymous_85)","line":329,"loc":{"start":{"line":329,"column":50},"end":{"line":329,"column":68}}},"86":{"name":"(anonymous_86)","line":333,"loc":{"start":{"line":333,"column":36},"end":{"line":333,"column":58}}},"87":{"name":"(anonymous_87)","line":339,"loc":{"start":{"line":339,"column":86},"end":{"line":339,"column":97}}},"88":{"name":"(anonymous_88)","line":341,"loc":{"start":{"line":341,"column":50},"end":{"line":341,"column":68}}},"89":{"name":"(anonymous_89)","line":345,"loc":{"start":{"line":345,"column":36},"end":{"line":345,"column":58}}},"90":{"name":"(anonymous_90)","line":353,"loc":{"start":{"line":353,"column":27},"end":{"line":353,"column":38}}},"91":{"name":"(anonymous_91)","line":355,"loc":{"start":{"line":355,"column":68},"end":{"line":355,"column":79}}},"92":{"name":"(anonymous_92)","line":358,"loc":{"start":{"line":358,"column":48},"end":{"line":358,"column":102}}},"93":{"name":"(anonymous_93)","line":359,"loc":{"start":{"line":359,"column":55},"end":{"line":359,"column":81}}},"94":{"name":"(anonymous_94)","line":363,"loc":{"start":{"line":363,"column":37},"end":{"line":363,"column":55}}},"95":{"name":"(anonymous_95)","line":369,"loc":{"start":{"line":369,"column":62},"end":{"line":369,"column":73}}},"96":{"name":"(anonymous_96)","line":371,"loc":{"start":{"line":371,"column":48},"end":{"line":371,"column":102}}},"97":{"name":"(anonymous_97)","line":372,"loc":{"start":{"line":372,"column":55},"end":{"line":372,"column":81}}},"98":{"name":"(anonymous_98)","line":376,"loc":{"start":{"line":376,"column":37},"end":{"line":376,"column":55}}},"99":{"name":"(anonymous_99)","line":382,"loc":{"start":{"line":382,"column":68},"end":{"line":382,"column":79}}},"100":{"name":"(anonymous_100)","line":384,"loc":{"start":{"line":384,"column":48},"end":{"line":384,"column":102}}},"101":{"name":"(anonymous_101)","line":385,"loc":{"start":{"line":385,"column":55},"end":{"line":385,"column":81}}},"102":{"name":"(anonymous_102)","line":389,"loc":{"start":{"line":389,"column":37},"end":{"line":389,"column":55}}},"103":{"name":"(anonymous_103)","line":395,"loc":{"start":{"line":395,"column":59},"end":{"line":395,"column":70}}},"104":{"name":"(anonymous_104)","line":398,"loc":{"start":{"line":398,"column":48},"end":{"line":398,"column":102}}},"105":{"name":"(anonymous_105)","line":399,"loc":{"start":{"line":399,"column":55},"end":{"line":399,"column":81}}},"106":{"name":"(anonymous_106)","line":403,"loc":{"start":{"line":403,"column":37},"end":{"line":403,"column":55}}},"107":{"name":"(anonymous_107)","line":409,"loc":{"start":{"line":409,"column":65},"end":{"line":409,"column":76}}},"108":{"name":"(anonymous_108)","line":412,"loc":{"start":{"line":412,"column":48},"end":{"line":412,"column":102}}},"109":{"name":"(anonymous_109)","line":413,"loc":{"start":{"line":413,"column":55},"end":{"line":413,"column":81}}},"110":{"name":"(anonymous_110)","line":417,"loc":{"start":{"line":417,"column":37},"end":{"line":417,"column":55}}},"111":{"name":"(anonymous_111)","line":425,"loc":{"start":{"line":425,"column":28},"end":{"line":425,"column":39}}},"112":{"name":"(anonymous_112)","line":427,"loc":{"start":{"line":427,"column":69},"end":{"line":427,"column":80}}},"113":{"name":"(anonymous_113)","line":430,"loc":{"start":{"line":430,"column":46},"end":{"line":430,"column":90}}},"114":{"name":"(anonymous_114)","line":431,"loc":{"start":{"line":431,"column":55},"end":{"line":431,"column":81}}},"115":{"name":"(anonymous_115)","line":435,"loc":{"start":{"line":435,"column":38},"end":{"line":435,"column":56}}},"116":{"name":"(anonymous_116)","line":443,"loc":{"start":{"line":443,"column":50},"end":{"line":443,"column":61}}},"117":{"name":"(anonymous_117)","line":446,"loc":{"start":{"line":446,"column":46},"end":{"line":446,"column":90}}},"118":{"name":"(anonymous_118)","line":447,"loc":{"start":{"line":447,"column":55},"end":{"line":447,"column":81}}},"119":{"name":"(anonymous_119)","line":451,"loc":{"start":{"line":451,"column":38},"end":{"line":451,"column":56}}},"120":{"name":"(anonymous_120)","line":457,"loc":{"start":{"line":457,"column":50},"end":{"line":457,"column":61}}},"121":{"name":"(anonymous_121)","line":460,"loc":{"start":{"line":460,"column":46},"end":{"line":460,"column":90}}},"122":{"name":"(anonymous_122)","line":461,"loc":{"start":{"line":461,"column":55},"end":{"line":461,"column":81}}},"123":{"name":"(anonymous_123)","line":465,"loc":{"start":{"line":465,"column":38},"end":{"line":465,"column":56}}},"124":{"name":"(anonymous_124)","line":471,"loc":{"start":{"line":471,"column":72},"end":{"line":471,"column":83}}},"125":{"name":"(anonymous_125)","line":474,"loc":{"start":{"line":474,"column":46},"end":{"line":474,"column":90}}},"126":{"name":"(anonymous_126)","line":475,"loc":{"start":{"line":475,"column":55},"end":{"line":475,"column":81}}},"127":{"name":"(anonymous_127)","line":479,"loc":{"start":{"line":479,"column":38},"end":{"line":479,"column":56}}},"128":{"name":"(anonymous_128)","line":485,"loc":{"start":{"line":485,"column":67},"end":{"line":485,"column":78}}},"129":{"name":"(anonymous_129)","line":488,"loc":{"start":{"line":488,"column":46},"end":{"line":488,"column":90}}},"130":{"name":"(anonymous_130)","line":489,"loc":{"start":{"line":489,"column":55},"end":{"line":489,"column":81}}},"131":{"name":"(anonymous_131)","line":493,"loc":{"start":{"line":493,"column":38},"end":{"line":493,"column":56}}},"132":{"name":"(anonymous_132)","line":501,"loc":{"start":{"line":501,"column":25},"end":{"line":501,"column":36}}},"133":{"name":"(anonymous_133)","line":503,"loc":{"start":{"line":503,"column":86},"end":{"line":503,"column":97}}},"134":{"name":"(anonymous_134)","line":505,"loc":{"start":{"line":505,"column":49},"end":{"line":505,"column":89}}},"135":{"name":"(anonymous_135)","line":509,"loc":{"start":{"line":509,"column":35},"end":{"line":509,"column":57}}},"136":{"name":"(anonymous_136)","line":515,"loc":{"start":{"line":515,"column":86},"end":{"line":515,"column":97}}},"137":{"name":"(anonymous_137)","line":517,"loc":{"start":{"line":517,"column":49},"end":{"line":517,"column":89}}},"138":{"name":"(anonymous_138)","line":521,"loc":{"start":{"line":521,"column":35},"end":{"line":521,"column":57}}},"139":{"name":"(anonymous_139)","line":529,"loc":{"start":{"line":529,"column":25},"end":{"line":529,"column":36}}},"140":{"name":"(anonymous_140)","line":531,"loc":{"start":{"line":531,"column":86},"end":{"line":531,"column":97}}},"141":{"name":"(anonymous_141)","line":533,"loc":{"start":{"line":533,"column":49},"end":{"line":533,"column":98}}},"142":{"name":"(anonymous_142)","line":537,"loc":{"start":{"line":537,"column":35},"end":{"line":537,"column":57}}},"143":{"name":"(anonymous_143)","line":543,"loc":{"start":{"line":543,"column":82},"end":{"line":543,"column":93}}},"144":{"name":"(anonymous_144)","line":545,"loc":{"start":{"line":545,"column":49},"end":{"line":545,"column":98}}},"145":{"name":"(anonymous_145)","line":549,"loc":{"start":{"line":549,"column":35},"end":{"line":549,"column":57}}}},"statementMap":{"1":{"start":{"line":16,"column":0},"end":{"line":16,"column":27}},"2":{"start":{"line":17,"column":0},"end":{"line":17,"column":27}},"3":{"start":{"line":18,"column":0},"end":{"line":18,"column":25}},"4":{"start":{"line":19,"column":0},"end":{"line":19,"column":25}},"5":{"start":{"line":20,"column":0},"end":{"line":20,"column":34}},"6":{"start":{"line":21,"column":0},"end":{"line":21,"column":31}},"7":{"start":{"line":22,"column":0},"end":{"line":22,"column":16}},"8":{"start":{"line":24,"column":0},"end":{"line":24,"column":123}},"9":{"start":{"line":26,"column":0},"end":{"line":557,"column":3}},"10":{"start":{"line":28,"column":1},"end":{"line":43,"column":4}},"11":{"start":{"line":30,"column":2},"end":{"line":41,"column":5}},"12":{"start":{"line":32,"column":3},"end":{"line":32,"column":99}},"13":{"start":{"line":32,"column":68},"end":{"line":32,"column":93}},"14":{"start":{"line":33,"column":3},"end":{"line":33,"column":113}},"15":{"start":{"line":33,"column":85},"end":{"line":33,"column":108}},"16":{"start":{"line":35,"column":3},"end":{"line":35,"column":41}},"17":{"start":{"line":37,"column":3},"end":{"line":39,"column":7}},"18":{"start":{"line":38,"column":4},"end":{"line":38,"column":49}},"19":{"start":{"line":45,"column":1},"end":{"line":155,"column":4}},"20":{"start":{"line":47,"column":2},"end":{"line":59,"column":5}},"21":{"start":{"line":49,"column":3},"end":{"line":49,"column":77}},"22":{"start":{"line":50,"column":3},"end":{"line":50,"column":130}},"23":{"start":{"line":50,"column":110},"end":{"line":50,"column":125}},"24":{"start":{"line":51,"column":3},"end":{"line":51,"column":110}},"25":{"start":{"line":51,"column":91},"end":{"line":51,"column":105}},"26":{"start":{"line":53,"column":3},"end":{"line":53,"column":104}},"27":{"start":{"line":55,"column":3},"end":{"line":57,"column":7}},"28":{"start":{"line":56,"column":4},"end":{"line":56,"column":40}},"29":{"start":{"line":61,"column":2},"end":{"line":73,"column":5}},"30":{"start":{"line":63,"column":3},"end":{"line":63,"column":77}},"31":{"start":{"line":64,"column":3},"end":{"line":64,"column":130}},"32":{"start":{"line":64,"column":110},"end":{"line":64,"column":125}},"33":{"start":{"line":65,"column":3},"end":{"line":65,"column":113}},"34":{"start":{"line":65,"column":91},"end":{"line":65,"column":108}},"35":{"start":{"line":67,"column":3},"end":{"line":67,"column":104}},"36":{"start":{"line":69,"column":3},"end":{"line":71,"column":7}},"37":{"start":{"line":70,"column":4},"end":{"line":70,"column":43}},"38":{"start":{"line":75,"column":2},"end":{"line":87,"column":5}},"39":{"start":{"line":77,"column":3},"end":{"line":77,"column":77}},"40":{"start":{"line":78,"column":3},"end":{"line":78,"column":130}},"41":{"start":{"line":78,"column":110},"end":{"line":78,"column":125}},"42":{"start":{"line":79,"column":3},"end":{"line":79,"column":111}},"43":{"start":{"line":79,"column":91},"end":{"line":79,"column":106}},"44":{"start":{"line":81,"column":3},"end":{"line":81,"column":104}},"45":{"start":{"line":83,"column":3},"end":{"line":85,"column":7}},"46":{"start":{"line":84,"column":4},"end":{"line":84,"column":41}},"47":{"start":{"line":89,"column":2},"end":{"line":100,"column":5}},"48":{"start":{"line":91,"column":3},"end":{"line":91,"column":212}},"49":{"start":{"line":91,"column":110},"end":{"line":91,"column":191}},"50":{"start":{"line":91,"column":192},"end":{"line":91,"column":207}},"51":{"start":{"line":92,"column":3},"end":{"line":92,"column":110}},"52":{"start":{"line":92,"column":91},"end":{"line":92,"column":105}},"53":{"start":{"line":94,"column":3},"end":{"line":94,"column":104}},"54":{"start":{"line":96,"column":3},"end":{"line":98,"column":7}},"55":{"start":{"line":97,"column":4},"end":{"line":97,"column":41}},"56":{"start":{"line":102,"column":2},"end":{"line":113,"column":5}},"57":{"start":{"line":104,"column":3},"end":{"line":104,"column":203}},"58":{"start":{"line":104,"column":110},"end":{"line":104,"column":182}},"59":{"start":{"line":104,"column":183},"end":{"line":104,"column":198}},"60":{"start":{"line":105,"column":3},"end":{"line":105,"column":110}},"61":{"start":{"line":105,"column":91},"end":{"line":105,"column":105}},"62":{"start":{"line":107,"column":3},"end":{"line":107,"column":104}},"63":{"start":{"line":109,"column":3},"end":{"line":111,"column":7}},"64":{"start":{"line":110,"column":4},"end":{"line":110,"column":40}},"65":{"start":{"line":115,"column":2},"end":{"line":126,"column":5}},"66":{"start":{"line":117,"column":3},"end":{"line":117,"column":202}},"67":{"start":{"line":117,"column":110},"end":{"line":117,"column":181}},"68":{"start":{"line":117,"column":182},"end":{"line":117,"column":197}},"69":{"start":{"line":118,"column":3},"end":{"line":118,"column":110}},"70":{"start":{"line":118,"column":91},"end":{"line":118,"column":105}},"71":{"start":{"line":120,"column":3},"end":{"line":120,"column":104}},"72":{"start":{"line":122,"column":3},"end":{"line":124,"column":7}},"73":{"start":{"line":123,"column":4},"end":{"line":123,"column":37}},"74":{"start":{"line":128,"column":2},"end":{"line":139,"column":5}},"75":{"start":{"line":130,"column":3},"end":{"line":130,"column":201}},"76":{"start":{"line":130,"column":110},"end":{"line":130,"column":180}},"77":{"start":{"line":130,"column":181},"end":{"line":130,"column":196}},"78":{"start":{"line":131,"column":3},"end":{"line":131,"column":110}},"79":{"start":{"line":131,"column":91},"end":{"line":131,"column":105}},"80":{"start":{"line":133,"column":3},"end":{"line":133,"column":105}},"81":{"start":{"line":135,"column":3},"end":{"line":137,"column":7}},"82":{"start":{"line":136,"column":4},"end":{"line":136,"column":34}},"83":{"start":{"line":142,"column":2},"end":{"line":153,"column":5}},"84":{"start":{"line":144,"column":3},"end":{"line":144,"column":53}},"85":{"start":{"line":145,"column":3},"end":{"line":145,"column":130}},"86":{"start":{"line":145,"column":110},"end":{"line":145,"column":125}},"87":{"start":{"line":147,"column":3},"end":{"line":147,"column":104}},"88":{"start":{"line":149,"column":3},"end":{"line":151,"column":7}},"89":{"start":{"line":150,"column":4},"end":{"line":150,"column":39}},"90":{"start":{"line":157,"column":1},"end":{"line":226,"column":4}},"91":{"start":{"line":159,"column":2},"end":{"line":171,"column":5}},"92":{"start":{"line":161,"column":3},"end":{"line":161,"column":67}},"93":{"start":{"line":162,"column":3},"end":{"line":162,"column":119}},"94":{"start":{"line":162,"column":99},"end":{"line":162,"column":114}},"95":{"start":{"line":163,"column":3},"end":{"line":163,"column":94}},"96":{"start":{"line":163,"column":75},"end":{"line":163,"column":89}},"97":{"start":{"line":165,"column":3},"end":{"line":165,"column":67}},"98":{"start":{"line":167,"column":3},"end":{"line":169,"column":7}},"99":{"start":{"line":168,"column":4},"end":{"line":168,"column":40}},"100":{"start":{"line":173,"column":2},"end":{"line":185,"column":5}},"101":{"start":{"line":175,"column":3},"end":{"line":175,"column":67}},"102":{"start":{"line":176,"column":3},"end":{"line":176,"column":119}},"103":{"start":{"line":176,"column":99},"end":{"line":176,"column":114}},"104":{"start":{"line":177,"column":3},"end":{"line":177,"column":92}},"105":{"start":{"line":177,"column":75},"end":{"line":177,"column":87}},"106":{"start":{"line":179,"column":3},"end":{"line":179,"column":67}},"107":{"start":{"line":181,"column":3},"end":{"line":183,"column":7}},"108":{"start":{"line":182,"column":4},"end":{"line":182,"column":38}},"109":{"start":{"line":187,"column":2},"end":{"line":198,"column":5}},"110":{"start":{"line":189,"column":3},"end":{"line":189,"column":53}},"111":{"start":{"line":190,"column":3},"end":{"line":190,"column":119}},"112":{"start":{"line":190,"column":99},"end":{"line":190,"column":114}},"113":{"start":{"line":192,"column":3},"end":{"line":192,"column":67}},"114":{"start":{"line":194,"column":3},"end":{"line":196,"column":7}},"115":{"start":{"line":195,"column":4},"end":{"line":195,"column":39}},"116":{"start":{"line":200,"column":2},"end":{"line":211,"column":5}},"117":{"start":{"line":202,"column":3},"end":{"line":202,"column":191}},"118":{"start":{"line":202,"column":99},"end":{"line":202,"column":170}},"119":{"start":{"line":202,"column":171},"end":{"line":202,"column":186}},"120":{"start":{"line":203,"column":3},"end":{"line":203,"column":94}},"121":{"start":{"line":203,"column":75},"end":{"line":203,"column":89}},"122":{"start":{"line":205,"column":3},"end":{"line":205,"column":83}},"123":{"start":{"line":207,"column":3},"end":{"line":209,"column":7}},"124":{"start":{"line":208,"column":4},"end":{"line":208,"column":41}},"125":{"start":{"line":213,"column":2},"end":{"line":224,"column":5}},"126":{"start":{"line":215,"column":3},"end":{"line":215,"column":187}},"127":{"start":{"line":215,"column":99},"end":{"line":215,"column":166}},"128":{"start":{"line":215,"column":167},"end":{"line":215,"column":182}},"129":{"start":{"line":216,"column":3},"end":{"line":216,"column":94}},"130":{"start":{"line":216,"column":75},"end":{"line":216,"column":89}},"131":{"start":{"line":218,"column":3},"end":{"line":218,"column":83}},"132":{"start":{"line":220,"column":3},"end":{"line":222,"column":7}},"133":{"start":{"line":221,"column":4},"end":{"line":221,"column":41}},"134":{"start":{"line":228,"column":1},"end":{"line":267,"column":4}},"135":{"start":{"line":230,"column":2},"end":{"line":241,"column":5}},"136":{"start":{"line":232,"column":3},"end":{"line":232,"column":43}},"137":{"start":{"line":233,"column":3},"end":{"line":233,"column":132}},"138":{"start":{"line":233,"column":103},"end":{"line":233,"column":127}},"139":{"start":{"line":235,"column":3},"end":{"line":235,"column":67}},"140":{"start":{"line":237,"column":3},"end":{"line":239,"column":7}},"141":{"start":{"line":238,"column":4},"end":{"line":238,"column":48}},"142":{"start":{"line":243,"column":2},"end":{"line":253,"column":5}},"143":{"start":{"line":245,"column":3},"end":{"line":245,"column":134}},"144":{"start":{"line":245,"column":103},"end":{"line":245,"column":129}},"145":{"start":{"line":247,"column":3},"end":{"line":247,"column":79}},"146":{"start":{"line":249,"column":3},"end":{"line":251,"column":7}},"147":{"start":{"line":250,"column":4},"end":{"line":250,"column":39}},"148":{"start":{"line":255,"column":2},"end":{"line":265,"column":5}},"149":{"start":{"line":257,"column":3},"end":{"line":257,"column":130}},"150":{"start":{"line":257,"column":103},"end":{"line":257,"column":125}},"151":{"start":{"line":259,"column":3},"end":{"line":259,"column":79}},"152":{"start":{"line":261,"column":3},"end":{"line":263,"column":7}},"153":{"start":{"line":262,"column":4},"end":{"line":262,"column":39}},"154":{"start":{"line":269,"column":1},"end":{"line":295,"column":4}},"155":{"start":{"line":271,"column":2},"end":{"line":281,"column":5}},"156":{"start":{"line":273,"column":3},"end":{"line":273,"column":128}},"157":{"start":{"line":273,"column":108},"end":{"line":273,"column":123}},"158":{"start":{"line":275,"column":3},"end":{"line":275,"column":67}},"159":{"start":{"line":277,"column":3},"end":{"line":279,"column":7}},"160":{"start":{"line":278,"column":4},"end":{"line":278,"column":39}},"161":{"start":{"line":283,"column":2},"end":{"line":293,"column":5}},"162":{"start":{"line":285,"column":3},"end":{"line":285,"column":129}},"163":{"start":{"line":285,"column":108},"end":{"line":285,"column":124}},"164":{"start":{"line":287,"column":3},"end":{"line":287,"column":67}},"165":{"start":{"line":289,"column":3},"end":{"line":291,"column":7}},"166":{"start":{"line":290,"column":4},"end":{"line":290,"column":39}},"167":{"start":{"line":297,"column":1},"end":{"line":323,"column":4}},"168":{"start":{"line":299,"column":2},"end":{"line":309,"column":5}},"169":{"start":{"line":301,"column":3},"end":{"line":301,"column":118}},"170":{"start":{"line":301,"column":98},"end":{"line":301,"column":113}},"171":{"start":{"line":303,"column":3},"end":{"line":303,"column":58}},"172":{"start":{"line":305,"column":3},"end":{"line":307,"column":7}},"173":{"start":{"line":306,"column":4},"end":{"line":306,"column":39}},"174":{"start":{"line":311,"column":2},"end":{"line":321,"column":5}},"175":{"start":{"line":313,"column":3},"end":{"line":313,"column":119}},"176":{"start":{"line":313,"column":98},"end":{"line":313,"column":114}},"177":{"start":{"line":315,"column":3},"end":{"line":315,"column":58}},"178":{"start":{"line":317,"column":3},"end":{"line":319,"column":7}},"179":{"start":{"line":318,"column":4},"end":{"line":318,"column":39}},"180":{"start":{"line":325,"column":1},"end":{"line":351,"column":4}},"181":{"start":{"line":327,"column":2},"end":{"line":337,"column":5}},"182":{"start":{"line":329,"column":3},"end":{"line":329,"column":89}},"183":{"start":{"line":329,"column":69},"end":{"line":329,"column":84}},"184":{"start":{"line":331,"column":3},"end":{"line":331,"column":16}},"185":{"start":{"line":333,"column":3},"end":{"line":335,"column":7}},"186":{"start":{"line":334,"column":4},"end":{"line":334,"column":39}},"187":{"start":{"line":339,"column":2},"end":{"line":349,"column":5}},"188":{"start":{"line":341,"column":3},"end":{"line":341,"column":90}},"189":{"start":{"line":341,"column":69},"end":{"line":341,"column":85}},"190":{"start":{"line":343,"column":3},"end":{"line":343,"column":16}},"191":{"start":{"line":345,"column":3},"end":{"line":347,"column":7}},"192":{"start":{"line":346,"column":4},"end":{"line":346,"column":39}},"193":{"start":{"line":353,"column":1},"end":{"line":423,"column":4}},"194":{"start":{"line":355,"column":2},"end":{"line":367,"column":5}},"195":{"start":{"line":357,"column":3},"end":{"line":357,"column":52}},"196":{"start":{"line":358,"column":3},"end":{"line":358,"column":126}},"197":{"start":{"line":358,"column":103},"end":{"line":358,"column":121}},"198":{"start":{"line":359,"column":3},"end":{"line":359,"column":102}},"199":{"start":{"line":359,"column":82},"end":{"line":359,"column":97}},"200":{"start":{"line":361,"column":3},"end":{"line":361,"column":96}},"201":{"start":{"line":363,"column":3},"end":{"line":365,"column":7}},"202":{"start":{"line":364,"column":4},"end":{"line":364,"column":45}},"203":{"start":{"line":369,"column":2},"end":{"line":380,"column":5}},"204":{"start":{"line":371,"column":3},"end":{"line":371,"column":177}},"205":{"start":{"line":371,"column":103},"end":{"line":371,"column":153}},"206":{"start":{"line":371,"column":154},"end":{"line":371,"column":172}},"207":{"start":{"line":372,"column":3},"end":{"line":372,"column":102}},"208":{"start":{"line":372,"column":82},"end":{"line":372,"column":97}},"209":{"start":{"line":374,"column":3},"end":{"line":374,"column":96}},"210":{"start":{"line":376,"column":3},"end":{"line":378,"column":7}},"211":{"start":{"line":377,"column":4},"end":{"line":377,"column":34}},"212":{"start":{"line":382,"column":2},"end":{"line":393,"column":5}},"213":{"start":{"line":384,"column":3},"end":{"line":384,"column":175}},"214":{"start":{"line":384,"column":103},"end":{"line":384,"column":151}},"215":{"start":{"line":384,"column":152},"end":{"line":384,"column":170}},"216":{"start":{"line":385,"column":3},"end":{"line":385,"column":102}},"217":{"start":{"line":385,"column":82},"end":{"line":385,"column":97}},"218":{"start":{"line":387,"column":3},"end":{"line":387,"column":96}},"219":{"start":{"line":389,"column":3},"end":{"line":391,"column":7}},"220":{"start":{"line":390,"column":4},"end":{"line":390,"column":34}},"221":{"start":{"line":395,"column":2},"end":{"line":407,"column":5}},"222":{"start":{"line":398,"column":3},"end":{"line":398,"column":177}},"223":{"start":{"line":398,"column":103},"end":{"line":398,"column":153}},"224":{"start":{"line":398,"column":154},"end":{"line":398,"column":172}},"225":{"start":{"line":399,"column":3},"end":{"line":399,"column":102}},"226":{"start":{"line":399,"column":82},"end":{"line":399,"column":97}},"227":{"start":{"line":401,"column":3},"end":{"line":401,"column":59}},"228":{"start":{"line":403,"column":3},"end":{"line":405,"column":7}},"229":{"start":{"line":404,"column":4},"end":{"line":404,"column":34}},"230":{"start":{"line":409,"column":2},"end":{"line":421,"column":5}},"231":{"start":{"line":412,"column":3},"end":{"line":412,"column":175}},"232":{"start":{"line":412,"column":103},"end":{"line":412,"column":151}},"233":{"start":{"line":412,"column":152},"end":{"line":412,"column":170}},"234":{"start":{"line":413,"column":3},"end":{"line":413,"column":102}},"235":{"start":{"line":413,"column":82},"end":{"line":413,"column":97}},"236":{"start":{"line":415,"column":3},"end":{"line":415,"column":59}},"237":{"start":{"line":417,"column":3},"end":{"line":419,"column":7}},"238":{"start":{"line":418,"column":4},"end":{"line":418,"column":34}},"239":{"start":{"line":425,"column":1},"end":{"line":499,"column":4}},"240":{"start":{"line":427,"column":2},"end":{"line":441,"column":5}},"241":{"start":{"line":429,"column":3},"end":{"line":429,"column":37}},"242":{"start":{"line":430,"column":3},"end":{"line":430,"column":114}},"243":{"start":{"line":430,"column":91},"end":{"line":430,"column":109}},"244":{"start":{"line":431,"column":3},"end":{"line":431,"column":102}},"245":{"start":{"line":431,"column":82},"end":{"line":431,"column":97}},"246":{"start":{"line":433,"column":3},"end":{"line":433,"column":72}},"247":{"start":{"line":435,"column":3},"end":{"line":439,"column":7}},"248":{"start":{"line":436,"column":4},"end":{"line":436,"column":40}},"249":{"start":{"line":437,"column":4},"end":{"line":437,"column":43}},"250":{"start":{"line":438,"column":4},"end":{"line":438,"column":43}},"251":{"start":{"line":443,"column":2},"end":{"line":455,"column":5}},"252":{"start":{"line":445,"column":3},"end":{"line":445,"column":46}},"253":{"start":{"line":446,"column":3},"end":{"line":446,"column":114}},"254":{"start":{"line":446,"column":91},"end":{"line":446,"column":109}},"255":{"start":{"line":447,"column":3},"end":{"line":447,"column":102}},"256":{"start":{"line":447,"column":82},"end":{"line":447,"column":97}},"257":{"start":{"line":449,"column":3},"end":{"line":449,"column":71}},"258":{"start":{"line":451,"column":3},"end":{"line":453,"column":7}},"259":{"start":{"line":452,"column":4},"end":{"line":452,"column":39}},"260":{"start":{"line":457,"column":2},"end":{"line":469,"column":5}},"261":{"start":{"line":459,"column":3},"end":{"line":459,"column":46}},"262":{"start":{"line":460,"column":3},"end":{"line":460,"column":114}},"263":{"start":{"line":460,"column":91},"end":{"line":460,"column":109}},"264":{"start":{"line":461,"column":3},"end":{"line":461,"column":102}},"265":{"start":{"line":461,"column":82},"end":{"line":461,"column":97}},"266":{"start":{"line":463,"column":3},"end":{"line":463,"column":71}},"267":{"start":{"line":465,"column":3},"end":{"line":467,"column":7}},"268":{"start":{"line":466,"column":4},"end":{"line":466,"column":39}},"269":{"start":{"line":471,"column":2},"end":{"line":483,"column":5}},"270":{"start":{"line":473,"column":3},"end":{"line":473,"column":46}},"271":{"start":{"line":474,"column":3},"end":{"line":474,"column":114}},"272":{"start":{"line":474,"column":91},"end":{"line":474,"column":109}},"273":{"start":{"line":475,"column":3},"end":{"line":475,"column":102}},"274":{"start":{"line":475,"column":82},"end":{"line":475,"column":97}},"275":{"start":{"line":477,"column":3},"end":{"line":477,"column":54}},"276":{"start":{"line":479,"column":3},"end":{"line":481,"column":7}},"277":{"start":{"line":480,"column":4},"end":{"line":480,"column":39}},"278":{"start":{"line":485,"column":2},"end":{"line":497,"column":5}},"279":{"start":{"line":487,"column":3},"end":{"line":487,"column":46}},"280":{"start":{"line":488,"column":3},"end":{"line":488,"column":114}},"281":{"start":{"line":488,"column":91},"end":{"line":488,"column":109}},"282":{"start":{"line":489,"column":3},"end":{"line":489,"column":102}},"283":{"start":{"line":489,"column":82},"end":{"line":489,"column":97}},"284":{"start":{"line":491,"column":3},"end":{"line":491,"column":71}},"285":{"start":{"line":493,"column":3},"end":{"line":495,"column":7}},"286":{"start":{"line":494,"column":4},"end":{"line":494,"column":39}},"287":{"start":{"line":501,"column":1},"end":{"line":527,"column":4}},"288":{"start":{"line":503,"column":2},"end":{"line":513,"column":5}},"289":{"start":{"line":505,"column":3},"end":{"line":505,"column":111}},"290":{"start":{"line":505,"column":90},"end":{"line":505,"column":106}},"291":{"start":{"line":507,"column":3},"end":{"line":507,"column":57}},"292":{"start":{"line":509,"column":3},"end":{"line":511,"column":7}},"293":{"start":{"line":510,"column":4},"end":{"line":510,"column":39}},"294":{"start":{"line":515,"column":2},"end":{"line":525,"column":5}},"295":{"start":{"line":517,"column":3},"end":{"line":517,"column":110}},"296":{"start":{"line":517,"column":90},"end":{"line":517,"column":105}},"297":{"start":{"line":519,"column":3},"end":{"line":519,"column":57}},"298":{"start":{"line":521,"column":3},"end":{"line":523,"column":7}},"299":{"start":{"line":522,"column":4},"end":{"line":522,"column":39}},"300":{"start":{"line":529,"column":1},"end":{"line":555,"column":4}},"301":{"start":{"line":531,"column":2},"end":{"line":541,"column":5}},"302":{"start":{"line":533,"column":3},"end":{"line":533,"column":120}},"303":{"start":{"line":533,"column":99},"end":{"line":533,"column":115}},"304":{"start":{"line":535,"column":3},"end":{"line":535,"column":83}},"305":{"start":{"line":537,"column":3},"end":{"line":539,"column":7}},"306":{"start":{"line":538,"column":4},"end":{"line":538,"column":39}},"307":{"start":{"line":543,"column":2},"end":{"line":553,"column":5}},"308":{"start":{"line":545,"column":3},"end":{"line":545,"column":119}},"309":{"start":{"line":545,"column":99},"end":{"line":545,"column":114}},"310":{"start":{"line":547,"column":3},"end":{"line":547,"column":83}},"311":{"start":{"line":549,"column":3},"end":{"line":551,"column":7}},"312":{"start":{"line":550,"column":4},"end":{"line":550,"column":39}}},"branchMap":{}},"D:\\GitHub\\ApertureProject\\SWE\\package_npm\\test\\modelServer\\dataManager\\DatabaseAnalysisManager\\DataRetrieverAnalysis.test.js":{"path":"D:\\GitHub\\ApertureProject\\SWE\\package_npm\\test\\modelServer\\dataManager\\DatabaseAnalysisManager\\DataRetrieverAnalysis.test.js","s":{"1":1,"2":1,"3":1,"4":1,"5":1,"6":1,"7":1,"8":1,"9":1,"10":1,"11":1,"12":1,"13":1,"14":1,"15":1,"16":1,"17":1,"18":1,"19":1,"20":1,"21":1,"22":1,"23":1,"24":1,"25":1,"26":1,"27":1,"28":1,"29":0,"30":0,"31":0,"32":1,"33":1,"34":1,"35":1,"36":1,"37":1,"38":1,"39":1,"40":1,"41":1,"42":1,"43":1,"44":1,"45":1,"46":1,"47":1,"48":1,"49":1,"50":1,"51":1,"52":1,"53":1,"54":1,"55":1,"56":1,"57":1,"58":1,"59":1,"60":1,"61":1,"62":1,"63":1,"64":1,"65":1,"66":1,"67":4,"68":1,"69":2,"70":1,"71":1,"72":1,"73":1,"74":1,"75":1,"76":1,"77":1,"78":1,"79":1,"80":1,"81":1,"82":1,"83":1,"84":1,"85":1,"86":1,"87":1,"88":1,"89":1,"90":1,"91":1,"92":1,"93":1,"94":1,"95":1,"96":1,"97":1,"98":1,"99":1,"100":1,"101":1,"102":1,"103":1,"104":1,"105":1,"106":1,"107":1,"108":1,"109":1,"110":1,"111":1,"112":1,"113":1,"114":1,"115":1,"116":1,"117":1,"118":1,"119":1,"120":1,"121":1,"122":1,"123":1,"124":1,"125":1,"126":1,"127":1,"128":1,"129":1,"130":1,"131":1,"132":1,"133":1,"134":1,"135":1,"136":1,"137":0,"138":0,"139":0,"140":1,"141":1,"142":1,"143":1,"144":1,"145":1,"146":1,"147":1,"148":1,"149":1,"150":1,"151":1,"152":1,"153":1,"154":1,"155":1,"156":1,"157":1,"158":1,"159":1,"160":1,"161":1,"162":1,"163":1,"164":1,"165":1,"166":1,"167":1,"168":1,"169":1,"170":1,"171":1,"172":1,"173":1,"174":1,"175":1,"176":1,"177":1,"178":1,"179":1,"180":1,"181":1,"182":1,"183":1,"184":1,"185":1,"186":1,"187":1,"188":1,"189":1,"190":1,"191":1,"192":1,"193":1,"194":1,"195":1,"196":1,"197":1,"198":1,"199":1,"200":1,"201":1,"202":1,"203":1,"204":1,"205":1,"206":1,"207":1,"208":1,"209":0,"210":0,"211":0,"212":1,"213":1,"214":1,"215":1,"216":1,"217":1,"218":1,"219":1,"220":1,"221":1,"222":1,"223":1,"224":1,"225":1,"226":0,"227":0,"228":0,"229":0,"230":1,"231":1,"232":1,"233":1,"234":1,"235":1,"236":1,"237":1,"238":1,"239":1,"240":1,"241":1,"242":1,"243":1,"244":1,"245":0,"246":0,"247":0,"248":1,"249":1,"250":1,"251":1,"252":1,"253":1,"254":1,"255":1,"256":1,"257":1,"258":1,"259":1,"260":1,"261":1,"262":1,"263":1,"264":1,"265":1,"266":1,"267":1,"268":1,"269":1,"270":1,"271":1,"272":1,"273":1,"274":1,"275":1,"276":1,"277":1,"278":1,"279":1,"280":1,"281":1,"282":1,"283":1,"284":1,"285":1},"b":{},"f":{"1":1,"2":1,"3":1,"4":1,"5":1,"6":1,"7":0,"8":0,"9":0,"10":0,"11":0,"12":1,"13":1,"14":1,"15":1,"16":1,"17":1,"18":1,"19":4,"20":2,"21":1,"22":1,"23":1,"24":1,"25":1,"26":1,"27":1,"28":1,"29":1,"30":1,"31":1,"32":1,"33":1,"34":1,"35":1,"36":1,"37":1,"38":1,"39":1,"40":1,"41":1,"42":1,"43":1,"44":1,"45":1,"46":1,"47":0,"48":0,"49":0,"50":1,"51":1,"52":1,"53":1,"54":1,"55":1,"56":1,"57":1,"58":1,"59":1,"60":1,"61":1,"62":1,"63":1,"64":1,"65":1,"66":1,"67":1,"68":1,"69":1,"70":1,"71":1,"72":1,"73":1,"74":1,"75":1,"76":1,"77":1,"78":1,"79":0,"80":0,"81":0,"82":1,"83":1,"84":1,"85":1,"86":0,"87":0,"88":0,"89":0,"90":1,"91":1,"92":1,"93":1,"94":1,"95":0,"96":0,"97":0,"98":1,"99":1,"100":1,"101":1,"102":1,"103":1,"104":1,"105":1,"106":1,"107":1,"108":1,"109":1,"110":1,"111":1,"112":1,"113":1,"114":1,"115":1,"116":1,"117":1},"fnMap":{"1":{"name":"(anonymous_1)","line":26,"loc":{"start":{"line":26,"column":46},"end":{"line":26,"column":57}}},"2":{"name":"(anonymous_2)","line":28,"loc":{"start":{"line":28,"column":22},"end":{"line":28,"column":33}}},"3":{"name":"(anonymous_3)","line":30,"loc":{"start":{"line":30,"column":57},"end":{"line":30,"column":68}}},"4":{"name":"(anonymous_4)","line":41,"loc":{"start":{"line":41,"column":94},"end":{"line":41,"column":105}}},"5":{"name":"(anonymous_5)","line":61,"loc":{"start":{"line":61,"column":63},"end":{"line":61,"column":74}}},"6":{"name":"(anonymous_6)","line":83,"loc":{"start":{"line":83,"column":26},"end":{"line":83,"column":37}}},"7":{"name":"(anonymous_7)","line":87,"loc":{"start":{"line":87,"column":21},"end":{"line":87,"column":53}}},"8":{"name":"(anonymous_8)","line":87,"loc":{"start":{"line":87,"column":72},"end":{"line":87,"column":85}}},"9":{"name":"(anonymous_9)","line":87,"loc":{"start":{"line":87,"column":95},"end":{"line":87,"column":105}}},"10":{"name":"(anonymous_10)","line":87,"loc":{"start":{"line":87,"column":120},"end":{"line":87,"column":138}}},"11":{"name":"(anonymous_11)","line":98,"loc":{"start":{"line":98,"column":47},"end":{"line":98,"column":57}}},"12":{"name":"(anonymous_12)","line":111,"loc":{"start":{"line":111,"column":32},"end":{"line":111,"column":43}}},"13":{"name":"(anonymous_13)","line":120,"loc":{"start":{"line":120,"column":71},"end":{"line":120,"column":82}}},"14":{"name":"(anonymous_14)","line":130,"loc":{"start":{"line":130,"column":67},"end":{"line":130,"column":78}}},"15":{"name":"(anonymous_15)","line":140,"loc":{"start":{"line":140,"column":101},"end":{"line":140,"column":112}}},"16":{"name":"(anonymous_16)","line":149,"loc":{"start":{"line":149,"column":103},"end":{"line":149,"column":114}}},"17":{"name":"(anonymous_17)","line":159,"loc":{"start":{"line":159,"column":35},"end":{"line":159,"column":46}}},"18":{"name":"(anonymous_18)","line":163,"loc":{"start":{"line":163,"column":33},"end":{"line":163,"column":44}}},"19":{"name":"(anonymous_19)","line":165,"loc":{"start":{"line":165,"column":44},"end":{"line":165,"column":60}}},"20":{"name":"(anonymous_20)","line":169,"loc":{"start":{"line":169,"column":46},"end":{"line":169,"column":88}}},"21":{"name":"(anonymous_21)","line":198,"loc":{"start":{"line":198,"column":91},"end":{"line":198,"column":102}}},"22":{"name":"(anonymous_22)","line":202,"loc":{"start":{"line":202,"column":89},"end":{"line":202,"column":100}}},"23":{"name":"(anonymous_23)","line":209,"loc":{"start":{"line":209,"column":98},"end":{"line":209,"column":109}}},"24":{"name":"(anonymous_24)","line":215,"loc":{"start":{"line":215,"column":35},"end":{"line":215,"column":46}}},"25":{"name":"(anonymous_25)","line":233,"loc":{"start":{"line":233,"column":47},"end":{"line":233,"column":58}}},"26":{"name":"(anonymous_26)","line":237,"loc":{"start":{"line":237,"column":46},"end":{"line":237,"column":57}}},"27":{"name":"(anonymous_27)","line":241,"loc":{"start":{"line":241,"column":49},"end":{"line":241,"column":60}}},"28":{"name":"(anonymous_28)","line":245,"loc":{"start":{"line":245,"column":48},"end":{"line":245,"column":59}}},"29":{"name":"(anonymous_29)","line":249,"loc":{"start":{"line":249,"column":47},"end":{"line":249,"column":58}}},"30":{"name":"(anonymous_30)","line":253,"loc":{"start":{"line":253,"column":46},"end":{"line":253,"column":57}}},"31":{"name":"(anonymous_31)","line":259,"loc":{"start":{"line":259,"column":28},"end":{"line":259,"column":39}}},"32":{"name":"(anonymous_32)","line":263,"loc":{"start":{"line":263,"column":27},"end":{"line":263,"column":38}}},"33":{"name":"(anonymous_33)","line":267,"loc":{"start":{"line":267,"column":34},"end":{"line":267,"column":45}}},"34":{"name":"(anonymous_34)","line":271,"loc":{"start":{"line":271,"column":32},"end":{"line":271,"column":43}}},"35":{"name":"(anonymous_35)","line":275,"loc":{"start":{"line":275,"column":29},"end":{"line":275,"column":40}}},"36":{"name":"(anonymous_36)","line":279,"loc":{"start":{"line":279,"column":33},"end":{"line":279,"column":44}}},"37":{"name":"(anonymous_37)","line":282,"loc":{"start":{"line":282,"column":57},"end":{"line":282,"column":68}}},"38":{"name":"(anonymous_38)","line":284,"loc":{"start":{"line":284,"column":18},"end":{"line":284,"column":43}}},"39":{"name":"(anonymous_39)","line":288,"loc":{"start":{"line":288,"column":22},"end":{"line":288,"column":72}}},"40":{"name":"(anonymous_40)","line":295,"loc":{"start":{"line":295,"column":50},"end":{"line":295,"column":63}}},"41":{"name":"(anonymous_41)","line":301,"loc":{"start":{"line":301,"column":63},"end":{"line":301,"column":74}}},"42":{"name":"(anonymous_42)","line":303,"loc":{"start":{"line":303,"column":18},"end":{"line":303,"column":43}}},"43":{"name":"(anonymous_43)","line":307,"loc":{"start":{"line":307,"column":22},"end":{"line":307,"column":72}}},"44":{"name":"(anonymous_44)","line":314,"loc":{"start":{"line":314,"column":50},"end":{"line":314,"column":63}}},"45":{"name":"(anonymous_45)","line":320,"loc":{"start":{"line":320,"column":65},"end":{"line":320,"column":76}}},"46":{"name":"(anonymous_46)","line":322,"loc":{"start":{"line":322,"column":18},"end":{"line":322,"column":43}}},"47":{"name":"(anonymous_47)","line":323,"loc":{"start":{"line":323,"column":20},"end":{"line":323,"column":53}}},"48":{"name":"(anonymous_48)","line":323,"loc":{"start":{"line":323,"column":68},"end":{"line":323,"column":78}}},"49":{"name":"(anonymous_49)","line":323,"loc":{"start":{"line":323,"column":93},"end":{"line":323,"column":111}}},"50":{"name":"(anonymous_50)","line":326,"loc":{"start":{"line":326,"column":22},"end":{"line":326,"column":72}}},"51":{"name":"(anonymous_51)","line":333,"loc":{"start":{"line":333,"column":50},"end":{"line":333,"column":63}}},"52":{"name":"(anonymous_52)","line":344,"loc":{"start":{"line":344,"column":35},"end":{"line":344,"column":46}}},"53":{"name":"(anonymous_53)","line":346,"loc":{"start":{"line":346,"column":18},"end":{"line":346,"column":43}}},"54":{"name":"(anonymous_54)","line":350,"loc":{"start":{"line":350,"column":22},"end":{"line":350,"column":72}}},"55":{"name":"(anonymous_55)","line":359,"loc":{"start":{"line":359,"column":50},"end":{"line":359,"column":63}}},"56":{"name":"(anonymous_56)","line":369,"loc":{"start":{"line":369,"column":28},"end":{"line":369,"column":39}}},"57":{"name":"(anonymous_57)","line":371,"loc":{"start":{"line":371,"column":79},"end":{"line":371,"column":90}}},"58":{"name":"(anonymous_58)","line":377,"loc":{"start":{"line":377,"column":18},"end":{"line":377,"column":43}}},"59":{"name":"(anonymous_59)","line":378,"loc":{"start":{"line":378,"column":20},"end":{"line":378,"column":53}}},"60":{"name":"(anonymous_60)","line":378,"loc":{"start":{"line":378,"column":68},"end":{"line":378,"column":78}}},"61":{"name":"(anonymous_61)","line":378,"loc":{"start":{"line":378,"column":93},"end":{"line":378,"column":111}}},"62":{"name":"(anonymous_62)","line":382,"loc":{"start":{"line":382,"column":75},"end":{"line":382,"column":91}}},"63":{"name":"(anonymous_63)","line":388,"loc":{"start":{"line":388,"column":81},"end":{"line":388,"column":92}}},"64":{"name":"(anonymous_64)","line":394,"loc":{"start":{"line":394,"column":18},"end":{"line":394,"column":43}}},"65":{"name":"(anonymous_65)","line":395,"loc":{"start":{"line":395,"column":20},"end":{"line":395,"column":53}}},"66":{"name":"(anonymous_66)","line":395,"loc":{"start":{"line":395,"column":68},"end":{"line":395,"column":78}}},"67":{"name":"(anonymous_67)","line":395,"loc":{"start":{"line":395,"column":93},"end":{"line":395,"column":111}}},"68":{"name":"(anonymous_68)","line":399,"loc":{"start":{"line":399,"column":75},"end":{"line":399,"column":91}}},"69":{"name":"(anonymous_69)","line":405,"loc":{"start":{"line":405,"column":72},"end":{"line":405,"column":83}}},"70":{"name":"(anonymous_70)","line":411,"loc":{"start":{"line":411,"column":18},"end":{"line":411,"column":43}}},"71":{"name":"(anonymous_71)","line":412,"loc":{"start":{"line":412,"column":20},"end":{"line":412,"column":53}}},"72":{"name":"(anonymous_72)","line":412,"loc":{"start":{"line":412,"column":68},"end":{"line":412,"column":78}}},"73":{"name":"(anonymous_73)","line":412,"loc":{"start":{"line":412,"column":93},"end":{"line":412,"column":111}}},"74":{"name":"(anonymous_74)","line":416,"loc":{"start":{"line":416,"column":75},"end":{"line":416,"column":91}}},"75":{"name":"(anonymous_75)","line":422,"loc":{"start":{"line":422,"column":144},"end":{"line":422,"column":155}}},"76":{"name":"(anonymous_76)","line":424,"loc":{"start":{"line":424,"column":19},"end":{"line":424,"column":67}}},"77":{"name":"(anonymous_77)","line":432,"loc":{"start":{"line":432,"column":18},"end":{"line":432,"column":43}}},"78":{"name":"(anonymous_78)","line":433,"loc":{"start":{"line":433,"column":20},"end":{"line":433,"column":44}}},"79":{"name":"(anonymous_79)","line":433,"loc":{"start":{"line":433,"column":71},"end":{"line":433,"column":104}}},"80":{"name":"(anonymous_80)","line":433,"loc":{"start":{"line":433,"column":119},"end":{"line":433,"column":129}}},"81":{"name":"(anonymous_81)","line":433,"loc":{"start":{"line":433,"column":144},"end":{"line":433,"column":162}}},"82":{"name":"(anonymous_82)","line":437,"loc":{"start":{"line":437,"column":75},"end":{"line":437,"column":91}}},"83":{"name":"(anonymous_83)","line":445,"loc":{"start":{"line":445,"column":138},"end":{"line":445,"column":149}}},"84":{"name":"(anonymous_84)","line":447,"loc":{"start":{"line":447,"column":19},"end":{"line":447,"column":67}}},"85":{"name":"(anonymous_85)","line":455,"loc":{"start":{"line":455,"column":18},"end":{"line":455,"column":43}}},"86":{"name":"(anonymous_86)","line":456,"loc":{"start":{"line":456,"column":20},"end":{"line":456,"column":44}}},"87":{"name":"(anonymous_87)","line":456,"loc":{"start":{"line":456,"column":71},"end":{"line":456,"column":104}}},"88":{"name":"(anonymous_88)","line":456,"loc":{"start":{"line":456,"column":119},"end":{"line":456,"column":129}}},"89":{"name":"(anonymous_89)","line":456,"loc":{"start":{"line":456,"column":144},"end":{"line":456,"column":162}}},"90":{"name":"(anonymous_90)","line":460,"loc":{"start":{"line":460,"column":75},"end":{"line":460,"column":91}}},"91":{"name":"(anonymous_91)","line":468,"loc":{"start":{"line":468,"column":147},"end":{"line":468,"column":158}}},"92":{"name":"(anonymous_92)","line":470,"loc":{"start":{"line":470,"column":19},"end":{"line":470,"column":67}}},"93":{"name":"(anonymous_93)","line":478,"loc":{"start":{"line":478,"column":18},"end":{"line":478,"column":43}}},"94":{"name":"(anonymous_94)","line":479,"loc":{"start":{"line":479,"column":20},"end":{"line":479,"column":44}}},"95":{"name":"(anonymous_95)","line":479,"loc":{"start":{"line":479,"column":72},"end":{"line":479,"column":105}}},"96":{"name":"(anonymous_96)","line":479,"loc":{"start":{"line":479,"column":120},"end":{"line":479,"column":130}}},"97":{"name":"(anonymous_97)","line":479,"loc":{"start":{"line":479,"column":145},"end":{"line":479,"column":163}}},"98":{"name":"(anonymous_98)","line":483,"loc":{"start":{"line":483,"column":75},"end":{"line":483,"column":91}}},"99":{"name":"(anonymous_99)","line":495,"loc":{"start":{"line":495,"column":28},"end":{"line":495,"column":39}}},"100":{"name":"(anonymous_100)","line":497,"loc":{"start":{"line":497,"column":78},"end":{"line":497,"column":89}}},"101":{"name":"(anonymous_101)","line":502,"loc":{"start":{"line":502,"column":18},"end":{"line":502,"column":43}}},"102":{"name":"(anonymous_102)","line":503,"loc":{"start":{"line":503,"column":20},"end":{"line":503,"column":38}}},"103":{"name":"(anonymous_103)","line":503,"loc":{"start":{"line":503,"column":53},"end":{"line":503,"column":63}}},"104":{"name":"(anonymous_104)","line":503,"loc":{"start":{"line":503,"column":78},"end":{"line":503,"column":96}}},"105":{"name":"(anonymous_105)","line":507,"loc":{"start":{"line":507,"column":58},"end":{"line":507,"column":74}}},"106":{"name":"(anonymous_106)","line":513,"loc":{"start":{"line":513,"column":81},"end":{"line":513,"column":92}}},"107":{"name":"(anonymous_107)","line":518,"loc":{"start":{"line":518,"column":18},"end":{"line":518,"column":43}}},"108":{"name":"(anonymous_108)","line":519,"loc":{"start":{"line":519,"column":20},"end":{"line":519,"column":38}}},"109":{"name":"(anonymous_109)","line":519,"loc":{"start":{"line":519,"column":53},"end":{"line":519,"column":63}}},"110":{"name":"(anonymous_110)","line":519,"loc":{"start":{"line":519,"column":78},"end":{"line":519,"column":96}}},"111":{"name":"(anonymous_111)","line":523,"loc":{"start":{"line":523,"column":58},"end":{"line":523,"column":74}}},"112":{"name":"(anonymous_112)","line":529,"loc":{"start":{"line":529,"column":78},"end":{"line":529,"column":89}}},"113":{"name":"(anonymous_113)","line":534,"loc":{"start":{"line":534,"column":18},"end":{"line":534,"column":43}}},"114":{"name":"(anonymous_114)","line":535,"loc":{"start":{"line":535,"column":20},"end":{"line":535,"column":38}}},"115":{"name":"(anonymous_115)","line":535,"loc":{"start":{"line":535,"column":53},"end":{"line":535,"column":63}}},"116":{"name":"(anonymous_116)","line":535,"loc":{"start":{"line":535,"column":78},"end":{"line":535,"column":96}}},"117":{"name":"(anonymous_117)","line":539,"loc":{"start":{"line":539,"column":58},"end"
[...]
art":{"line":44,"column":35},"end":{"line":44,"column":46}}},"6":{"name":"(anonymous_6)","line":48,"loc":{"start":{"line":48,"column":22},"end":{"line":48,"column":33}}},"7":{"name":"(anonymous_7)","line":52,"loc":{"start":{"line":52,"column":22},"end":{"line":52,"column":33}}}},"statementMap":{"1":{"start":{"line":17,"column":0},"end":{"line":17,"column":27}},"2":{"start":{"line":18,"column":0},"end":{"line":18,"column":27}},"3":{"start":{"line":19,"column":0},"end":{"line":19,"column":25}},"4":{"start":{"line":20,"column":0},"end":{"line":20,"column":25}},"5":{"start":{"line":22,"column":0},"end":{"line":22,"column":79}},"6":{"start":{"line":24,"column":0},"end":{"line":56,"column":3}},"7":{"start":{"line":26,"column":1},"end":{"line":42,"column":4}},"8":{"start":{"line":28,"column":2},"end":{"line":40,"column":5}},"9":{"start":{"line":29,"column":3},"end":{"line":29,"column":72}},"10":{"start":{"line":30,"column":3},"end":{"line":30,"column":334}},"11":{"start":{"line":31,"column":3},"end":{"line":31,"column":60}},"12":{"start":{"line":32,"column":3},"end":{"line":32,"column":43}},"13":{"start":{"line":36,"column":3},"end":{"line":36,"column":78}},"14":{"start":{"line":37,"column":3},"end":{"line":37,"column":334}},"15":{"start":{"line":38,"column":3},"end":{"line":38,"column":60}},"16":{"start":{"line":39,"column":3},"end":{"line":39,"column":43}},"17":{"start":{"line":44,"column":1},"end":{"line":46,"column":4}},"18":{"start":{"line":48,"column":1},"end":{"line":50,"column":4}},"19":{"start":{"line":52,"column":1},"end":{"line":54,"column":4}}},"branchMap":{}},"D:\\GitHub\\ApertureProject\\SWE\\package_npm\\test\\modelServer\\DSL\\DSLParser.test.js":{"path":"D:\\GitHub\\ApertureProject\\SWE\\package_npm\\test\\modelServer\\DSL\\DSLParser.test.js","s":{"1":1,"2":1,"3":1,"4":1,"5":1,"6":1,"7":1,"8":1,"9":1,"10":1,"11":1,"12":1,"13":1,"14":1,"15":1,"16":1,"17":1,"18":1,"19":1,"20":1,"21":1,"22":1,"23":1,"24":1,"25":1,"26":1,"27":1,"28":1,"29":1,"30":1,"31":1,"32":1,"33":1,"34":1,"35":1,"36":1,"37":1,"38":1,"39":1,"40":1,"41":1,"42":1,"43":1,"44":1,"45":1,"46":1,"47":1,"48":1,"49":1,"50":1,"51":1,"52":1,"53":1,"54":1,"55":1,"56":1,"57":1,"58":1,"59":1,"60":1,"61":1,"62":1,"63":1,"64":1,"65":1,"66":1,"67":1,"68":1,"69":1,"70":1,"71":1,"72":1,"73":1,"74":1,"75":1,"76":1,"77":1,"78":1,"79":1,"80":1,"81":1,"82":1,"83":1,"84":2,"85":2,"86":2,"87":2,"88":1,"89":1,"90":1,"91":1,"92":1,"93":1,"94":1,"95":1,"96":1,"97":1,"98":1,"99":1,"100":1,"101":1,"102":1,"103":1,"104":2,"105":2,"106":2,"107":2,"108":1,"109":1,"110":1,"111":1,"112":1,"113":1,"114":1,"115":1},"b":{},"f":{"1":1,"2":1,"3":1,"4":1,"5":1,"6":1,"7":1,"8":1,"9":1,"10":1,"11":1,"12":1,"13":1,"14":1,"15":1,"16":1,"17":1,"18":1,"19":1,"20":1,"21":1,"22":1,"23":1,"24":1},"fnMap":{"1":{"name":"(anonymous_1)","line":26,"loc":{"start":{"line":26,"column":34},"end":{"line":26,"column":45}}},"2":{"name":"(anonymous_2)","line":33,"loc":{"start":{"line":33,"column":22},"end":{"line":33,"column":33}}},"3":{"name":"(anonymous_3)","line":35,"loc":{"start":{"line":35,"column":46},"end":{"line":35,"column":57}}},"4":{"name":"(anonymous_4)","line":41,"loc":{"start":{"line":41,"column":88},"end":{"line":41,"column":99}}},"5":{"name":"(anonymous_5)","line":51,"loc":{"start":{"line":51,"column":29},"end":{"line":51,"column":40}}},"6":{"name":"(anonymous_6)","line":53,"loc":{"start":{"line":53,"column":80},"end":{"line":53,"column":91}}},"7":{"name":"(anonymous_7)","line":55,"loc":{"start":{"line":55,"column":16},"end":{"line":55,"column":26}}},"8":{"name":"(anonymous_8)","line":60,"loc":{"start":{"line":60,"column":24},"end":{"line":60,"column":35}}},"9":{"name":"(anonymous_9)","line":62,"loc":{"start":{"line":62,"column":64},"end":{"line":62,"column":75}}},"10":{"name":"(anonymous_10)","line":68,"loc":{"start":{"line":68,"column":63},"end":{"line":68,"column":74}}},"11":{"name":"(anonymous_11)","line":76,"loc":{"start":{"line":76,"column":36},"end":{"line":76,"column":47}}},"12":{"name":"(anonymous_12)","line":78,"loc":{"start":{"line":78,"column":74},"end":{"line":78,"column":85}}},"13":{"name":"(anonymous_13)","line":80,"loc":{"start":{"line":80,"column":16},"end":{"line":80,"column":26}}},"14":{"name":"(anonymous_14)","line":84,"loc":{"start":{"line":84,"column":81},"end":{"line":84,"column":92}}},"15":{"name":"(anonymous_15)","line":86,"loc":{"start":{"line":86,"column":16},"end":{"line":86,"column":26}}},"16":{"name":"(anonymous_16)","line":92,"loc":{"start":{"line":92,"column":31},"end":{"line":92,"column":42}}},"17":{"name":"(anonymous_17)","line":94,"loc":{"start":{"line":94,"column":64},"end":{"line":94,"column":75}}},"18":{"name":"(anonymous_18)","line":100,"loc":{"start":{"line":100,"column":62},"end":{"line":100,"column":73}}},"19":{"name":"(anonymous_19)","line":106,"loc":{"start":{"line":106,"column":69},"end":{"line":106,"column":80}}},"20":{"name":"(anonymous_20)","line":114,"loc":{"start":{"line":114,"column":22},"end":{"line":114,"column":33}}},"21":{"name":"(anonymous_21)","line":116,"loc":{"start":{"line":116,"column":50},"end":{"line":116,"column":61}}},"22":{"name":"(anonymous_22)","line":122,"loc":{"start":{"line":122,"column":55},"end":{"line":122,"column":66}}},"23":{"name":"(anonymous_23)","line":130,"loc":{"start":{"line":130,"column":22},"end":{"line":130,"column":33}}},"24":{"name":"(anonymous_24)","line":137,"loc":{"start":{"line":137,"column":67},"end":{"line":137,"column":78}}}},"statementMap":{"1":{"start":{"line":17,"column":0},"end":{"line":17,"column":27}},"2":{"start":{"line":18,"column":0},"end":{"line":18,"column":27}},"3":{"start":{"line":19,"column":0},"end":{"line":19,"column":25}},"4":{"start":{"line":20,"column":0},"end":{"line":20,"column":25}},"5":{"start":{"line":22,"column":0},"end":{"line":22,"column":31}},"6":{"start":{"line":24,"column":0},"end":{"line":24,"column":76}},"7":{"start":{"line":26,"column":0},"end":{"line":211,"column":3}},"8":{"start":{"line":28,"column":1},"end":{"line":31,"column":13}},"9":{"start":{"line":33,"column":1},"end":{"line":49,"column":4}},"10":{"start":{"line":35,"column":2},"end":{"line":47,"column":5}},"11":{"start":{"line":36,"column":3},"end":{"line":36,"column":40}},"12":{"start":{"line":37,"column":3},"end":{"line":37,"column":60}},"13":{"start":{"line":38,"column":3},"end":{"line":38,"column":33}},"14":{"start":{"line":42,"column":3},"end":{"line":42,"column":23}},"15":{"start":{"line":43,"column":3},"end":{"line":43,"column":60}},"16":{"start":{"line":44,"column":3},"end":{"line":44,"column":34}},"17":{"start":{"line":45,"column":3},"end":{"line":45,"column":52}},"18":{"start":{"line":46,"column":3},"end":{"line":46,"column":57}},"19":{"start":{"line":51,"column":1},"end":{"line":58,"column":4}},"20":{"start":{"line":53,"column":2},"end":{"line":57,"column":5}},"21":{"start":{"line":54,"column":3},"end":{"line":54,"column":23}},"22":{"start":{"line":55,"column":3},"end":{"line":55,"column":95}},"23":{"start":{"line":55,"column":27},"end":{"line":55,"column":92}},"24":{"start":{"line":56,"column":3},"end":{"line":56,"column":86}},"25":{"start":{"line":60,"column":1},"end":{"line":74,"column":4}},"26":{"start":{"line":62,"column":2},"end":{"line":72,"column":5}},"27":{"start":{"line":63,"column":3},"end":{"line":63,"column":23}},"28":{"start":{"line":64,"column":3},"end":{"line":64,"column":62}},"29":{"start":{"line":65,"column":3},"end":{"line":65,"column":34}},"30":{"start":{"line":69,"column":3},"end":{"line":69,"column":41}},"31":{"start":{"line":70,"column":3},"end":{"line":70,"column":62}},"32":{"start":{"line":71,"column":3},"end":{"line":71,"column":33}},"33":{"start":{"line":76,"column":1},"end":{"line":90,"column":4}},"34":{"start":{"line":78,"column":2},"end":{"line":88,"column":5}},"35":{"start":{"line":79,"column":3},"end":{"line":79,"column":36}},"36":{"start":{"line":80,"column":3},"end":{"line":80,"column":102}},"37":{"start":{"line":80,"column":27},"end":{"line":80,"column":99}},"38":{"start":{"line":81,"column":3},"end":{"line":81,"column":94}},"39":{"start":{"line":85,"column":3},"end":{"line":85,"column":23}},"40":{"start":{"line":86,"column":3},"end":{"line":86,"column":102}},"41":{"start":{"line":86,"column":27},"end":{"line":86,"column":99}},"42":{"start":{"line":87,"column":3},"end":{"line":87,"column":94}},"43":{"start":{"line":92,"column":1},"end":{"line":112,"column":4}},"44":{"start":{"line":94,"column":2},"end":{"line":110,"column":5}},"45":{"start":{"line":95,"column":3},"end":{"line":95,"column":41}},"46":{"start":{"line":96,"column":3},"end":{"line":96,"column":69}},"47":{"start":{"line":97,"column":3},"end":{"line":97,"column":33}},"48":{"start":{"line":101,"column":3},"end":{"line":101,"column":36}},"49":{"start":{"line":102,"column":3},"end":{"line":102,"column":69}},"50":{"start":{"line":103,"column":3},"end":{"line":103,"column":34}},"51":{"start":{"line":107,"column":3},"end":{"line":107,"column":23}},"52":{"start":{"line":108,"column":3},"end":{"line":108,"column":69}},"53":{"start":{"line":109,"column":3},"end":{"line":109,"column":34}},"54":{"start":{"line":114,"column":1},"end":{"line":128,"column":4}},"55":{"start":{"line":116,"column":2},"end":{"line":126,"column":5}},"56":{"start":{"line":117,"column":3},"end":{"line":117,"column":17}},"57":{"start":{"line":118,"column":3},"end":{"line":118,"column":65}},"58":{"start":{"line":119,"column":3},"end":{"line":119,"column":33}},"59":{"start":{"line":123,"column":3},"end":{"line":123,"column":22}},"60":{"start":{"line":124,"column":3},"end":{"line":124,"column":65}},"61":{"start":{"line":125,"column":3},"end":{"line":125,"column":34}},"62":{"start":{"line":130,"column":1},"end":{"line":209,"column":4}},"63":{"start":{"line":132,"column":2},"end":{"line":132,"column":79}},"64":{"start":{"line":133,"column":2},"end":{"line":133,"column":56}},"65":{"start":{"line":134,"column":2},"end":{"line":134,"column":49}},"66":{"start":{"line":135,"column":2},"end":{"line":135,"column":41}},"67":{"start":{"line":137,"column":2},"end":{"line":207,"column":5}},"68":{"start":{"line":139,"column":3},"end":{"line":139,"column":48}},"69":{"start":{"line":140,"column":3},"end":{"line":140,"column":47}},"70":{"start":{"line":142,"column":3},"end":{"line":142,"column":47}},"71":{"start":{"line":143,"column":3},"end":{"line":143,"column":47}},"72":{"start":{"line":145,"column":3},"end":{"line":145,"column":51}},"73":{"start":{"line":146,"column":3},"end":{"line":146,"column":43}},"74":{"start":{"line":148,"column":3},"end":{"line":148,"column":48}},"75":{"start":{"line":149,"column":3},"end":{"line":149,"column":47}},"76":{"start":{"line":151,"column":3},"end":{"line":151,"column":56}},"77":{"start":{"line":152,"column":3},"end":{"line":152,"column":48}},"78":{"start":{"line":154,"column":3},"end":{"line":154,"column":55}},"79":{"start":{"line":155,"column":3},"end":{"line":155,"column":51}},"80":{"start":{"line":157,"column":3},"end":{"line":157,"column":54}},"81":{"start":{"line":158,"column":3},"end":{"line":158,"column":50}},"82":{"start":{"line":160,"column":3},"end":{"line":160,"column":55}},"83":{"start":{"line":162,"column":3},"end":{"line":168,"column":4}},"84":{"start":{"line":164,"column":4},"end":{"line":164,"column":65}},"85":{"start":{"line":165,"column":4},"end":{"line":165,"column":64}},"86":{"start":{"line":166,"column":4},"end":{"line":166,"column":64}},"87":{"start":{"line":167,"column":4},"end":{"line":167,"column":74}},"88":{"start":{"line":170,"column":3},"end":{"line":170,"column":59}},"89":{"start":{"line":171,"column":3},"end":{"line":171,"column":60}},"90":{"start":{"line":172,"column":3},"end":{"line":172,"column":62}},"91":{"start":{"line":173,"column":3},"end":{"line":173,"column":68}},"92":{"start":{"line":175,"column":3},"end":{"line":175,"column":60}},"93":{"start":{"line":176,"column":3},"end":{"line":176,"column":59}},"94":{"start":{"line":177,"column":3},"end":{"line":177,"column":79}},"95":{"start":{"line":178,"column":3},"end":{"line":178,"column":68}},"96":{"start":{"line":180,"column":3},"end":{"line":180,"column":54}},"97":{"start":{"line":181,"column":3},"end":{"line":181,"column":58}},"98":{"start":{"line":182,"column":3},"end":{"line":182,"column":62}},"99":{"start":{"line":183,"column":3},"end":{"line":183,"column":55}},"100":{"start":{"line":185,"column":3},"end":{"line":185,"column":57}},"101":{"start":{"line":186,"column":3},"end":{"line":186,"column":52}},"102":{"start":{"line":188,"column":3},"end":{"line":188,"column":51}},"103":{"start":{"line":189,"column":3},"end":{"line":195,"column":4}},"104":{"start":{"line":191,"column":4},"end":{"line":191,"column":61}},"105":{"start":{"line":192,"column":4},"end":{"line":192,"column":60}},"106":{"start":{"line":193,"column":4},"end":{"line":193,"column":60}},"107":{"start":{"line":194,"column":4},"end":{"line":194,"column":70}},"108":{"start":{"line":197,"column":3},"end":{"line":197,"column":57}},"109":{"start":{"line":198,"column":3},"end":{"line":198,"column":56}},"110":{"start":{"line":199,"column":3},"end":{"line":199,"column":58}},"111":{"start":{"line":200,"column":3},"end":{"line":200,"column":64}},"112":{"start":{"line":202,"column":3},"end":{"line":202,"column":55}},"113":{"start":{"line":203,"column":3},"end":{"line":203,"column":55}},"114":{"start":{"line":204,"column":3},"end":{"line":204,"column":75}},"115":{"start":{"line":205,"column":3},"end":{"line":205,"column":73}}},"branchMap":{}},"D:\\GitHub\\ApertureProject\\SWE\\package_npm\\test\\modelServer\\DSL\\index.test.js":{"path":"D:\\GitHub\\ApertureProject\\SWE\\package_npm\\test\\modelServer\\DSL\\index.test.js","s":{"1":1,"2":1,"3":1,"4":1,"5":1,"6":1,"7":1,"8":1,"9":1,"10":1,"11":1,"12":1,"13":1,"14":1,"15":1,"16":1,"17":1},"b":{},"f":{"1":1,"2":1,"3":1,"4":1},"fnMap":{"1":{"name":"(anonymous_1)","line":26,"loc":{"start":{"line":26,"column":33},"end":{"line":26,"column":44}}},"2":{"name":"(anonymous_2)","line":28,"loc":{"start":{"line":28,"column":18},"end":{"line":28,"column":29}}},"3":{"name":"(anonymous_3)","line":30,"loc":{"start":{"line":30,"column":52},"end":{"line":30,"column":63}}},"4":{"name":"(anonymous_4)","line":32,"loc":{"start":{"line":32,"column":18},"end":{"line":32,"column":31}}}},"statementMap":{"1":{"start":{"line":16,"column":0},"end":{"line":16,"column":27}},"2":{"start":{"line":17,"column":0},"end":{"line":17,"column":27}},"3":{"start":{"line":18,"column":0},"end":{"line":18,"column":25}},"4":{"start":{"line":19,"column":0},"end":{"line":19,"column":25}},"5":{"start":{"line":20,"column":0},"end":{"line":20,"column":34}},"6":{"start":{"line":21,"column":0},"end":{"line":21,"column":31}},"7":{"start":{"line":22,"column":0},"end":{"line":22,"column":16}},"8":{"start":{"line":24,"column":0},"end":{"line":24,"column":71}},"9":{"start":{"line":26,"column":0},"end":{"line":46,"column":3}},"10":{"start":{"line":28,"column":1},"end":{"line":44,"column":4}},"11":{"start":{"line":30,"column":2},"end":{"line":42,"column":5}},"12":{"start":{"line":32,"column":3},"end":{"line":32,"column":34}},"13":{"start":{"line":33,"column":3},"end":{"line":33,"column":32}},"14":{"start":{"line":35,"column":3},"end":{"line":35,"column":45}},"15":{"start":{"line":37,"column":3},"end":{"line":37,"column":16}},"16":{"start":{"line":38,"column":3},"end":{"line":38,"column":22}},"17":{"start":{"line":40,"column":3},"end":{"line":40,"column":37}}},"branchMap":{}},"D:\\GitHub\\ApertureProject\\SWE\\package_npm\\test\\modelServer\\DSL\\schemaGenerator.test.js":{"path":"D:\\GitHub\\ApertureProject\\SWE\\package_npm\\test\\modelServer\\DSL\\schemaGenerator.test.js","s":{"1":1,"2":1,"3":1,"4":1,"5":1,"6":1,"7":1,"8":1,"9":1,"10":1,"11":1,"12":1,"13":1,"14":1,"15":1,"16":1,"17":1,"18":1,"19":1,"20":1,"21":1,"22":1,"23":1,"24":1,"25":1,"26":1,"27":1,"28":1,"29":1,"30":1,"31":1,"32":1,"33":1,"34":1,"35":1},"b":{},"f":{"1":1,"2":1,"3":1,"4":1,"5":1,"6":1,"7":1,"8":1,"9":1},"fnMap":{"1":{"name":"(anonymous_1)","line":24,"loc":{"start":{"line":24,"column":40},"end":{"line":24,"column":51}}},"2":{"name":"(anonymous_2)","line":26,"loc":{"start":{"line":26,"column":36},"end":{"line":26,"column":47}}},"3":{"name":"(anonymous_3)","line":32,"loc":{"start":{"line":32,"column":74},"end":{"line":32,"column":85}}},"4":{"name":"(anonymous_4)","line":37,"loc":{"start":{"line":37,"column":82},"end":{"line":37,"column":93}}},"5":{"name":"(anonymous_5)","line":44,"loc":{"start":{"line":44,"column":29},"end":{"line":44,"column":40}}},"6":{"name":"(anonymous_6)","line":50,"loc":{"start":{"line":50,"column":50},"end":{"line":50,"column":61}}},"7":{"name":"(anonymous_7)","line":56,"loc":{"start":{"line":56,"column":90},"end":{"line":56,"column":101}}},"8":{"name":"(anonymous_8)","line":66,"loc":{"start":{"line":66,"column":22},"end":{"line":66,"column":33}}},"9":{"name":"(anonymous_9)","line":74,"loc":{"start":{"line":74,"column":51},"end":{"line":74,"column":62}}}},"statementMap":{"1":{"start":{"line":17,"column":0},"end":{"line":17,"column":27}},"2":{"start":{"line":18,"column":0},"end":{"line":18,"column":27}},"3":{"start":{"line":19,"column":0},"end":{"line":19,"column":25}},"4":{"start":{"line":20,"column":0},"end":{"line":20,"column":25}},"5":{"start":{"line":22,"column":0},"end":{"line":22,"column":89}},"6":{"start":{"line":24,"column":0},"end":{"line":80,"column":3}},"7":{"start":{"line":26,"column":1},"end":{"line":42,"column":4}},"8":{"start":{"line":28,"column":2},"end":{"line":28,"column":25}},"9":{"start":{"line":29,"column":2},"end":{"line":29,"column":67}},"10":{"start":{"line":30,"column":2},"end":{"line":30,"column":67}},"11":{"start":{"line":32,"column":2},"end":{"line":40,"column":5}},"12":{"start":{"line":33,"column":3},"end":{"line":33,"column":82}},"13":{"start":{"line":34,"column":3},"end":{"line":34,"column":42}},"14":{"start":{"line":38,"column":3},"end":{"line":38,"column":82}},"15":{"start":{"line":39,"column":3},"end":{"line":39,"column":31}},"16":{"start":{"line":44,"column":1},"end":{"line":64,"column":4}},"17":{"start":{"line":46,"column":2},"end":{"line":46,"column":17}},"18":{"start":{"line":47,"column":2},"end":{"line":47,"column":28}},"19":{"start":{"line":48,"column":2},"end":{"line":48,"column":28}},"20":{"start":{"line":50,"column":2},"end":{"line":62,"column":5}},"21":{"start":{"line":51,"column":3},"end":{"line":51,"column":31}},"22":{"start":{"line":52,"column":3},"end":{"line":52,"column":69}},"23":{"start":{"line":53,"column":3},"end":{"line":53,"column":53}},"24":{"start":{"line":57,"column":3},"end":{"line":57,"column":31}},"25":{"start":{"line":58,"column":3},"end":{"line":58,"column":69}},"26":{"start":{"line":59,"column":3},"end":{"line":59,"column":42}},"27":{"start":{"line":60,"column":3},"end":{"line":60,"column":50}},"28":{"start":{"line":61,"column":3},"end":{"line":61,"column":47}},"29":{"start":{"line":66,"column":1},"end":{"line":78,"column":4}},"30":{"start":{"line":68,"column":2},"end":{"line":68,"column":60}},"31":{"start":{"line":69,"column":2},"end":{"line":69,"column":56}},"32":{"start":{"line":71,"column":2},"end":{"line":71,"column":59}},"33":{"start":{"line":72,"column":2},"end":{"line":72,"column":446}},"34":{"start":{"line":74,"column":2},"end":{"line":76,"column":5}},"35":{"start":{"line":75,"column":3},"end":{"line":75,"column":45}}},"branchMap":{}},"D:\\GitHub\\ApertureProject\\SWE\\package_npm\\test\\modelServer\\DSL\\configForSchemaGenerator.js":{"path":"D:\\GitHub\\ApertureProject\\SWE\\package_npm\\test\\modelServer\\DSL\\configForSchemaGenerator.js","s":{"1":1,"2":1,"3":1,"4":1,"5":1,"6":1},"b":{},"f":{},"fnMap":{},"statementMap":{"1":{"start":{"line":1,"column":0},"end":{"line":10,"column":0}},"2":{"start":{"line":10,"column":0},"end":{"line":17,"column":0}},"3":{"start":{"line":17,"column":0},"end":{"line":22,"column":0}},"4":{"start":{"line":22,"column":0},"end":{"line":30,"column":0}},"5":{"start":{"line":30,"column":0},"end":{"line":36,"column":0}},"6":{"start":{"line":36,"column":0},"end":{"line":41,"column":0}}},"branchMap":{}}}