TN:
SF:D:\GitHub\ApertureProject\SWE\package_npm\test\run.js
FN:27,(anonymous_1)
FN:32,(anonymous_2)
FN:54,(anonymous_3)
FN:60,(anonymous_4)
FNF:4
FNH:4
FNDA:9,(anonymous_1)
FNDA:33,(anonymous_2)
FNDA:1,(anonymous_3)
FNDA:1,(anonymous_4)
DA:16,1
DA:17,1
DA:20,1
DA:27,1
DA:29,9
DA:32,9
DA:33,33
DA:34,33
DA:35,33
DA:39,8
DA:41,25
DA:44,14
DA:45,14
DA:54,1
DA:57,1
DA:60,1
DA:61,1
DA:67,1
LF:18
LH:18
BRDA:35,1,0,8
BRDA:35,1,1,25
BRDA:35,2,0,33
BRDA:35,2,1,33
BRDA:35,2,2,9
BRDA:41,3,0,14
BRDA:41,3,1,11
BRDA:41,4,0,25
BRDA:41,4,1,25
BRDA:41,4,2,24
BRF:10
BRH:10
end_of_record
TN:
SF:D:\GitHub\ApertureProject\SWE\package_npm\test\controller\dispatcher.test.js
FN:26,(anonymous_1)
FN:28,(anonymous_2)
FN:31,(anonymous_3)
FN:35,(anonymous_4)
FN:39,(anonymous_5)
FN:43,(anonymous_6)
FN:48,(anonymous_7)
FN:50,(anonymous_8)
FN:52,(anonymous_9)
FNF:9
FNH:9
FNDA:1,(anonymous_1)
FNDA:1,(anonymous_2)
FNDA:13,(anonymous_3)
FNDA:4,(anonymous_4)
FNDA:5,(anonymous_5)
FNDA:4,(anonymous_6)
FNDA:1,(anonymous_7)
FNDA:1,(anonymous_8)
FNDA:1,(anonymous_9)
DA:16,1
DA:17,1
DA:18,1
DA:19,1
DA:20,1
DA:21,1
DA:22,1
DA:24,1
DA:26,1
DA:28,1
DA:30,1
DA:48,1
DA:50,1
DA:52,1
DA:53,1
DA:54,1
DA:56,1
DA:58,1
LF:18
LH:18
BRF:0
BRH:0
end_of_record
TN:
SF:D:\GitHub\ApertureProject\SWE\package_npm\test\controller\frontContoller.test.js
FN:26,(anonymous_1)
FN:28,(anonymous_2)
FN:30,(anonymous_3)
FN:32,(anonymous_4)
FN:36,(anonymous_5)
FNF:5
FNH:5
FNDA:1,(anonymous_1)
FNDA:1,(anonymous_2)
FNDA:1,(anonymous_3)
FNDA:1,(anonymous_4)
FNDA:1,(anonymous_5)
DA:16,1
DA:17,1
DA:18,1
DA:19,1
DA:20,1
DA:21,1
DA:22,1
DA:24,1
DA:26,1
DA:28,1
DA:30,1
DA:32,1
DA:33,1
DA:34,1
DA:36,1
DA:37,1
DA:38,1
DA:40,1
DA:42,1
DA:43,1
LF:20
LH:20
BRF:0
BRH:0
end_of_record
TN:
SF:D:\GitHub\ApertureProject\SWE\package_npm\test\controller\index.test.js
FN:26,(anonymous_1)
FN:28,(anonymous_2)
FN:30,(anonymous_3)
FN:32,(anonymous_4)
FNF:4
FNH:4
FNDA:1,(anonymous_1)
FNDA:1,(anonymous_2)
FNDA:1,(anonymous_3)
FNDA:1,(anonymous_4)
DA:16,1
DA:17,1
DA:18,1
DA:19,1
DA:20,1
DA:21,1
DA:22,1
DA:24,1
DA:26,1
DA:28,1
DA:30,1
DA:32,1
DA:33,1
DA:35,1
DA:37,1
DA:38,1
DA:40,1
LF:17
LH:17
BRF:0
BRH:0
end_of_record
TN:
SF:D:\GitHub\ApertureProject\SWE\package_npm\test\controller\passport.test.js
FN:24,(anonymous_1)
FN:26,(anonymous_2)
FN:35,isAuthenticated
FN:40,(anonymous_4)
FN:42,(anonymous_5)
FN:47,(anonymous_6)
FN:51,(anonymous_7)
FN:55,(anonymous_8)
FN:57,(anonymous_9)
FN:60,(anonymous_10)
FN:66,(anonymous_11)
FN:69,(anonymous_12)
FN:75,(anonymous_13)
FN:78,(anonymous_14)
FN:84,(anonymous_15)
FN:87,(anonymous_16)
FN:95,(anonymous_17)
FN:97,(anonymous_18)
FN:100,(anonymous_19)
FN:106,(anonymous_20)
FN:109,(anonymous_21)
FN:115,(anonymous_22)
FN:118,(anonymous_23)
FN:124,(anonymous_24)
FN:127,(anonymous_25)
FN:134,(anonymous_26)
FN:136,(anonymous_27)
FN:139,(anonymous_28)
FN:145,(anonymous_29)
FN:148,(anonymous_30)
FN:154,(anonymous_31)
FN:157,(anonymous_32)
FN:163,(anonymous_33)
FN:166,(anonymous_34)
FNF:34
FNH:27
FNDA:1,(anonymous_1)
FNDA:12,(anonymous_2)
FNDA:12,isAuthenticated
FNDA:12,(anonymous_4)
FNDA:7,(anonymous_5)
FNDA:1,(anonymous_6)
FNDA:1,(anonymous_7)
FNDA:1,(anonymous_8)
FNDA:1,(anonymous_9)
FNDA:0,(anonymous_10)
FNDA:1,(anonymous_11)
FNDA:0,(anonymous_12)
FNDA:1,(anonymous_13)
FNDA:0,(anonymous_14)
FNDA:1,(anonymous_15)
FNDA:1,(anonymous_16)
FNDA:1,(anonymous_17)
FNDA:1,(anonymous_18)
FNDA:0,(anonymous_19)
FNDA:1,(anonymous_20)
FNDA:0,(anonymous_21)
FNDA:1,(anonymous_22)
FNDA:1,(anonymous_23)
FNDA:1,(anonymous_24)
FNDA:1,(anonymous_25)
FNDA:1,(anonymous_26)
FNDA:1,(anonymous_27)
FNDA:1,(anonymous_28)
FNDA:1,(anonymous_29)
FNDA:1,(anonymous_30)
FNDA:1,(anonymous_31)
FNDA:0,(anonymous_32)
FNDA:1,(anonymous_33)
FNDA:0,(anonymous_34)
DA:17,1
DA:18,1
DA:19,1
DA:20,1
DA:22,1
DA:24,1
DA:26,1
DA:27,12
DA:35,12
DA:36,12
DA:40,1
DA:41,12
DA:42,12
DA:43,7
DA:47,1
DA:51,1
DA:55,1
DA:57,1
DA:58,1
DA:59,1
DA:60,1
DA:61,1
DA:62,1
DA:63,1
DA:67,1
DA:68,1
DA:69,1
DA:70,1
DA:71,1
DA:72,1
DA:76,1
DA:77,1
DA:78,1
DA:79,1
DA:80,1
DA:81,1
DA:85,1
DA:86,1
DA:87,1
DA:88,1
DA:89,1
DA:95,1
DA:97,1
DA:98,1
DA:99,1
DA:100,1
DA:101,1
DA:102,1
DA:103,1
DA:107,1
DA:108,1
DA:109,1
DA:110,1
DA:111,1
DA:112,1
DA:116,1
DA:117,1
DA:118,1
DA:119,1
DA:120,1
DA:121,1
DA:125,1
DA:126,1
DA:127,1
DA:128,1
DA:129,1
DA:134,1
DA:136,1
DA:137,1
DA:138,1
DA:139,1
DA:140,1
DA:141,1
DA:142,1
DA:146,1
DA:147,1
DA:148,1
DA:149,1
DA:150,1
DA:151,1
DA:155,1
DA:156,1
DA:157,1
DA:158,1
DA:159,1
DA:160,1
DA:164,1
DA:165,1
DA:166,1
DA:167,1
DA:168,1
LF:91
LH:91
BRF:0
BRH:0
end_of_record
TN:
SF:D:\GitHub\ApertureProject\SWE\package_npm\test\modelServer\dataManager\DatabaseAnalysisManager\DatabaseAnalysisManager.test.js
FN:26,(anonymous_1)
FN:28,(anonymous_2)
FN:30,(anonymous_3)
FN:32,(anonymous_4)
FN:33,(anonymous_5)
FN:37,(anonymous_6)
FN:45,(anonymous_7)
FN:47,(anonymous_8)
FN:50,(anonymous_9)
FN:51,(anonymous_10)
FN:55,(anonymous_11)
FN:61,(anonymous_12)
FN:64,(anonymous_13)
FN:65,(anonymous_14)
FN:69,(anonymous_15)
FN:75,(anonymous_16)
FN:78,(anonymous_17)
FN:79,(anonymous_18)
FN:83,(anonymous_19)
FN:89,(anonymous_20)
FN:91,(anonymous_21)
FN:92,(anonymous_22)
FN:96,(anonymous_23)
FN:102,(anonymous_24)
FN:104,(anonymous_25)
FN:105,(anonymous_26)
FN:109,(anonymous_27)
FN:115,(anonymous_28)
FN:117,(anonymous_29)
FN:118,(anonymous_30)
FN:122,(anonymous_31)
FN:128,(anonymous_32)
FN:130,(anonymous_33)
FN:131,(anonymous_34)
FN:135,(anonymous_35)
FN:142,(anonymous_36)
FN:145,(anonymous_37)
FN:149,(anonymous_38)
FN:157,(anonymous_39)
FN:159,(anonymous_40)
FN:162,(anonymous_41)
FN:163,(anonymous_42)
FN:167,(anonymous_43)
FN:173,(anonymous_44)
FN:176,(anonymous_45)
FN:177,(anonymous_46)
FN:181,(anonymous_47)
FN:187,(anonymous_48)
FN:190,(anonymous_49)
FN:194,(anonymous_50)
FN:200,(anonymous_51)
FN:202,(anonymous_52)
FN:203,(anonymous_53)
FN:207,(anonymous_54)
FN:213,(anonymous_55)
FN:215,(anonymous_56)
FN:216,(anonymous_57)
FN:220,(anonymous_58)
FN:228,(anonymous_59)
FN:230,(anonymous_60)
FN:233,(anonymous_61)
FN:237,(anonymous_62)
FN:243,(anonymous_63)
FN:245,(anonymous_64)
FN:249,(anonymous_65)
FN:255,(anonymous_66)
FN:257,(anonymous_67)
FN:261,(anonymous_68)
FN:269,(anonymous_69)
FN:271,(anonymous_70)
FN:273,(anonymous_71)
FN:277,(anonymous_72)
FN:283,(anonymous_73)
FN:285,(anonymous_74)
FN:289,(anonymous_75)
FN:297,(anonymous_76)
FN:299,(anonymous_77)
FN:301,(anonymous_78)
FN:305,(anonymous_79)
FN:311,(anonymous_80)
FN:313,(anonymous_81)
FN:317,(anonymous_82)
FN:325,(anonymous_83)
FN:327,(anonymous_84)
FN:329,(anonymous_85)
FN:333,(anonymous_86)
FN:339,(anonymous_87)
FN:341,(anonymous_88)
FN:345,(anonymous_89)
FN:353,(anonymous_90)
FN:355,(anonymous_91)
FN:358,(anonymous_92)
FN:359,(anonymous_93)
FN:363,(anonymous_94)
FN:369,(anonymous_95)
FN:371,(anonymous_96)
FN:372,(anonymous_97)
FN:376,(anonymous_98)
FN:382,(anonymous_99)
FN:384,(anonymous_100)
FN:385,(anonymous_101)
FN:389,(anonymous_102)
FN:395,(anonymous_103)
FN:398,(anonymous_104)
FN:399,(anonymous_105)
FN:403,(anonymous_106)
FN:409,(anonymous_107)
FN:412,(anonymous_108)
FN:413,(anonymous_109)
FN:417,(anonymous_110)
FN:425,(anonymous_111)
FN:427,(anonymous_112)
FN:430,(anonymous_113)
FN:431,(anonymous_114)
FN:435,(anonymous_115)
FN:443,(anonymous_116)
FN:446,(anonymous_117)
FN:447,(anonymous_118)
FN:451,(anonymous_119)
FN:457,(anonymous_120)
FN:460,(anonymous_121)
FN:461,(anonymous_122)
FN:465,(anonymous_123)
FN:471,(anonymous_124)
FN:474,(anonymous_125)
FN:475,(anonymous_126)
FN:479,(anonymous_127)
FN:485,(anonymous_128)
FN:488,(anonymous_129)
FN:489,(anonymous_130)
FN:493,(anonymous_131)
FN:501,(anonymous_132)
FN:503,(anonymous_133)
FN:505,(anonymous_134)
FN:509,(anonymous_135)
FN:515,(anonymous_136)
FN:517,(anonymous_137)
FN:521,(anonymous_138)
FN:529,(anonymous_139)
FN:531,(anonymous_140)
FN:533,(anonymous_141)
FN:537,(anonymous_142)
FN:543,(anonymous_143)
FN:545,(anonymous_144)
FN:549,(anonymous_145)
FNF:145
FNH:145
FNDA:1,(anonymous_1)
FNDA:1,(anonymous_2)
FNDA:1,(anonymous_3)
FNDA:1,(anonymous_4)
FNDA:1,(anonymous_5)
FNDA:1,(anonymous_6)
FNDA:1,(anonymous_7)
FNDA:1,(anonymous_8)
FNDA:1,(anonymous_9)
FNDA:1,(anonymous_10)
FNDA:1,(anonymous_11)
FNDA:1,(anonymous_12)
FNDA:1,(anonymous_13)
FNDA:1,(anonymous_14)
FNDA:1,(anonymous_15)
FNDA:1,(anonymous_16)
FNDA:1,(anonymous_17)
FNDA:1,(anonymous_18)
FNDA:1,(anonymous_19)
FNDA:1,(anonymous_20)
FNDA:1,(anonymous_21)
FNDA:1,(anonymous_22)
FNDA:1,(anonymous_23)
FNDA:1,(anonymous_24)
FNDA:1,(anonymous_25)
FNDA:1,(anonymous_26)
FNDA:1,(anonymous_27)
FNDA:1,(anonymous_28)
FNDA:1,(anonymous_29)
FNDA:1,(anonymous_30)
FNDA:1,(anonymous_31)
FNDA:1,(anonymous_32)
FNDA:1,(anonymous_33)
FNDA:1,(anonymous_34)
FNDA:1,(anonymous_35)
FNDA:1,(anonymous_36)
FNDA:1,(anonymous_37)
FNDA:1,(anonymous_38)
FNDA:1,(anonymous_39)
FNDA:1,(anonymous_40)
FNDA:1,(anonymous_41)
FNDA:1,(anonymous_42)
FNDA:1,(anonymous_43)
FNDA:1,(anonymous_44)
FNDA:1,(anonymous_45)
FNDA:1,(anonymous_46)
FNDA:1,(anonymous_47)
FNDA:1,(anonymous_48)
FNDA:1,(anonymous_49)
FNDA:1,(anonymous_50)
FNDA:1,(anonymous_51)
FNDA:1,(anonymous_52)
FNDA:1,(anonymous_53)
FNDA:1,(anonymous_54)
FNDA:1,(anonymous_55)
FNDA:1,(anonymous_56)
FNDA:1,(anonymous_57)
FNDA:1,(anonymous_58)
FNDA:1,(anonymous_59)
FNDA:1,(anonymous_60)
FNDA:1,(anonymous_61)
FNDA:1,(anonymous_62)
FNDA:1,(anonymous_63)
FNDA:1,(anonymous_64)
FNDA:1,(anonymous_65)
FNDA:1,(anonymous_66)
FNDA:1,(anonymous_67)
FNDA:1,(anonymous_68)
FNDA:1,(anonymous_69)
FNDA:1,(anonymous_70)
FNDA:1,(anonymous_71)
FNDA:1,(anonymous_72)
FNDA:1,(anonymous_73)
FNDA:1,(anonymous_74)
FNDA:1,(anonymous_75)
FNDA:1,(anonymous_76)
FNDA:1,(anonymous_77)
FNDA:1,(anonymous_78)
FNDA:1,(anonymous_79)
FNDA:1,(anonymous_80)
FNDA:1,(anonymous_81)
FNDA:1,(anonymous_82)
FNDA:1,(anonymous_83)
FNDA:1,(anonymous_84)
FNDA:1,(anonymous_85)
FNDA:1,(anonymous_86)
FNDA:1,(anonymous_87)
FNDA:1,(anonymous_88)
FNDA:1,(anonymous_89)
FNDA:1,(anonymous_90)
FNDA:1,(anonymous_91)
FNDA:1,(anonymous_92)
FNDA:1,(anonymous_93)
FNDA:1,(anonymous_94)
FNDA:1,(anonymous_95)
FNDA:1,(anonymous_96)
FNDA:1,(anonymous_97)
FNDA:1,(anonymous_98)
FNDA:1,(anonymous_99)
FNDA:1,(anonymous_100)
FNDA:1,(anonymous_101)
FNDA:1,(anonymous_102)
FNDA:1,(anonymous_103)
FNDA:1,(anonymous_104)
FNDA:1,(anonymous_105)
FNDA:1,(anonymous_106)
FNDA:1,(anonymous_107)
FNDA:1,(anonymous_108)
FNDA:1,(anonymous_109)
FNDA:1,(anonymous_110)
FNDA:1,(anonymous_111)
FNDA:1,(anonymous_112)
FNDA:1,(anonymous_113)
FNDA:1,(anonymous_114)
FNDA:1,(anonymous_115)
FNDA:1,(anonymous_116)
FNDA:1,(anonymous_117)
FNDA:1,(anonymous_118)
FNDA:1,(anonymous_119)
FNDA:1,(anonymous_120)
FNDA:1,(anonymous_121)
FNDA:1,(anonymous_122)
FNDA:1,(anonymous_123)
FNDA:1,(anonymous_124)
FNDA:1,(anonymous_125)
FNDA:1,(anonymous_126)
FNDA:1,(anonymous_127)
FNDA:1,(anonymous_128)
FNDA:1,(anonymous_129)
FNDA:1,(anonymous_130)
FNDA:1,(anonymous_131)
FNDA:1,(anonymous_132)
FNDA:1,(anonymous_133)
FNDA:1,(anonymous_134)
FNDA:1,(anonymous_135)
FNDA:1,(anonymous_136)
FNDA:1,(anonymous_137)
FNDA:1,(anonymous_138)
FNDA:1,(anonymous_139)
FNDA:1,(anonymous_140)
FNDA:1,(anonymous_141)
FNDA:1,(anonymous_142)
FNDA:1,(anonymous_143)
FNDA:1,(anonymous_144)
FNDA:1,(anonymous_145)
DA:16,1
DA:17,1
DA:18,1
DA:19,1
DA:20,1
DA:21,1
DA:22,1
DA:24,1
DA:26,1
DA:28,1
DA:30,1
DA:32,1
DA:33,1
DA:35,1
DA:37,1
DA:38,1
DA:45,1
DA:47,1
DA:49,1
DA:50,1
DA:51,1
DA:53,1
DA:55,1
DA:56,1
DA:61,1
DA:63,1
DA:64,1
DA:65,1
DA:67,1
DA:69,1
DA:70,1
DA:75,1
DA:77,1
DA:78,1
DA:79,1
DA:81,1
DA:83,1
DA:84,1
DA:89,1
DA:91,1
DA:92,1
DA:94,1
DA:96,1
DA:97,1
DA:102,1
DA:104,1
DA:105,1
DA:107,1
DA:109,1
DA:110,1
DA:115,1
DA:117,1
DA:118,1
DA:120,1
DA:122,1
DA:123,1
DA:128,1
DA:130,1
DA:131,1
DA:133,1
DA:135,1
DA:136,1
DA:142,1
DA:144,1
DA:145,1
DA:147,1
DA:149,1
DA:150,1
DA:157,1
DA:159,1
DA:161,1
DA:162,1
DA:163,1
DA:165,1
DA:167,1
DA:168,1
DA:173,1
DA:175,1
DA:176,1
DA:177,1
DA:179,1
DA:181,1
DA:182,1
DA:187,1
DA:189,1
DA:190,1
DA:192,1
DA:194,1
DA:195,1
DA:200,1
DA:202,1
DA:203,1
DA:205,1
DA:207,1
DA:208,1
DA:213,1
DA:215,1
DA:216,1
DA:218,1
DA:220,1
DA:221,1
DA:228,1
DA:230,1
DA:232,1
DA:233,1
DA:235,1
DA:237,1
DA:238,1
DA:243,1
DA:245,1
DA:247,1
DA:249,1
DA:250,1
DA:255,1
DA:257,1
DA:259,1
DA:261,1
DA:262,1
DA:269,1
DA:271,1
DA:273,1
DA:275,1
DA:277,1
DA:278,1
DA:283,1
DA:285,1
DA:287,1
DA:289,1
DA:290,1
DA:297,1
DA:299,1
DA:301,1
DA:303,1
DA:305,1
DA:306,1
DA:311,1
DA:313,1
DA:315,1
DA:317,1
DA:318,1
DA:325,1
DA:327,1
DA:329,1
DA:331,1
DA:333,1
DA:334,1
DA:339,1
DA:341,1
DA:343,1
DA:345,1
DA:346,1
DA:353,1
DA:355,1
DA:357,1
DA:358,1
DA:359,1
DA:361,1
DA:363,1
DA:364,1
DA:369,1
DA:371,1
DA:372,1
DA:374,1
DA:376,1
DA:377,1
DA:382,1
DA:384,1
DA:385,1
DA:387,1
DA:389,1
DA:390,1
DA:395,1
DA:398,1
DA:399,1
DA:401,1
DA:403,1
DA:404,1
DA:409,1
DA:412,1
DA:413,1
DA:415,1
DA:417,1
DA:418,1
DA:425,1
DA:427,1
DA:429,1
DA:430,1
DA:431,1
DA:433,1
DA:435,1
DA:436,1
DA:437,1
DA:438,1
DA:443,1
DA:445,1
DA:446,1
DA:447,1
DA:449,1
DA:451,1
DA:452,1
DA:457,1
DA:459,1
DA:460,1
DA:461,1
DA:463,1
DA:465,1
DA:466,1
DA:471,1
DA:473,1
DA:474,1
DA:475,1
DA:477,1
DA:479,1
DA:480,1
DA:485,1
DA:487,1
DA:488,1
DA:489,1
DA:491,1
DA:493,1
DA:494,1
DA:501,1
DA:503,1
DA:505,1
DA:507,1
DA:509,1
DA:510,1
DA:515,1
DA:517,1
DA:519,1
DA:521,1
DA:522,1
DA:529,1
DA:531,1
DA:533,1
DA:535,1
DA:537,1
DA:538,1
DA:543,1
DA:545,1
DA:547,1
DA:549,1
DA:550,1
LF:243
LH:243
BRF:0
BRH:0
end_of_record
TN:
SF:D:\GitHub\ApertureProject\SWE\package_npm\test\modelServer\dataManager\DatabaseAnalysisManager\DataRetrieverAnalysis.test.js
FN:26,(anonymous_1)
FN:28,(anonymous_2)
FN:30,(anonymous_3)
FN:41,(anonymous_4)
FN:61,(anonymous_5)
FN:83,(anonymous_6)
FN:87,(anonymous_7)
FN:87,(anonymous_8)
FN:87,(anonymous_9)
FN:87,(anonymous_10)
FN:98,(anonymous_11)
FN:111,(anonymous_12)
FN:120,(anonymous_13)
FN:130,(anonymous_14)
FN:140,(anonymous_15)
FN:149,(anonymous_16)
FN:159,(anonymous_17)
FN:163,(anonymous_18)
FN:165,(anonymous_19)
FN:169,(anonymous_20)
FN:198,(anonymous_21)
FN:202,(anonymous_22)
FN:209,(anonymous_23)
FN:215,(anonymous_24)
FN:233,(anonymous_25)
FN:237,(anonymous_26)
FN:241,(anonymous_27)
FN:245,(anonymous_28)
FN:249,(anonymous_29)
FN:253,(anonymous_30)
FN:259,(anonymous_31)
FN:263,(anonymous_32)
FN:267,(anonymous_33)
FN:271,(anonymous_34)
FN:275,(anonymous_35)
FN:279,(anonymous_36)
FN:282,(anonymous_37)
FN:284,(anonymous_38)
FN:288,(anonymous_39)
FN:295,(anonymous_40)
FN:301,(anonymous_41)
FN:303,(anonymous_42)
FN:307,(anonymous_43)
FN:314,(anonymous_44)
FN:320,(anonymous_45)
FN:322,(anonymous_46)
FN:323,(anonymous_47)
FN:323,(anonymous_48)
FN:323,(anonymous_49)
FN:326,(anonymous_50)
FN:333,(anonymous_51)
FN:344,(anonymous_52)
FN:346,(anonymous_53)
FN:350,(anonymous_54)
FN:359,(anonymous_55)
FN:369,(anonymous_56)
FN:371,(anonymous_57)
FN:377,(anonymous_58)
FN:378,(anonymous_59)
FN:378,(anonymous_60)
FN:378,(anonymous_61)
FN:382,(anonymous_62)
FN:388,(anonymous_63)
FN:394,(anonymous_64)
FN:395,(anonymous_65)
FN:395,(anonymous_66)
FN:395,(anonymous_67)
FN:399,(anonymous_68)
FN:405,(anonymous_69)
FN:411,(anonymous_70)
FN:412,(anonymous_71)
FN:412,(anonymous_72)
FN:412,(anonymous_73)
FN:416,(anonymous_74)
FN:422,(anonymous_75)
FN:424,(anonymous_76)
FN:432,(anonymous_77)
FN:433,(anonymous_78)
FN:433,(anonymous_79)
FN:433,(anonymous_80)
FN:433,(anonymous_81)
FN:437,(anonymous_82)
FN:445,(anonymous_83)
FN:447,(anonymous_84)
FN:455,(anonymous_85)
FN:456,(anonymous_86)
FN:456,(anonymous_87)
FN:456,(anonymous_88)
FN:456,(anonymous_89)
FN:460,(anonymous_90)
FN:468,(anonymous_91)
FN:470,(anonymous_92)
FN:478,(anonymous_93)
FN:479,(anonymous_94)
FN:479,(anonymous_95)
FN:479,(anonymous_96)
FN:479,(anonymous_97)
FN:483,(anonymous_98)
FN:495,(anonymous_99)
FN:497,(anonymous_100)
FN:502,(anonymous_101)
FN:503,(anonymous_102)
FN:503,(anonymous_103)
FN:503,(anonymous_104)
FN:507,(anonymous_105)
FN:513,(anonymous_106)
FN:518,(anonymous_107)
FN:519,(anonymous_108)
FN:519,(anonymous_109)
FN:519,(anonymous_110)
FN:523,(anonymous_111)
FN:529,(anonymous_112)
FN:534,(anonymous_113)
FN:535,(anonymous_114)
FN:535,(anonymous_115)
FN:535,(anonymous_116)
FN:539,(anonymous_117)
FNF:117
FNH:99
FNDA:1,(anonymous_1)
FNDA:1,(anonymous_2)
FNDA:1,(anonymous_3)
FNDA:1,(anonymous_4)
FNDA:1,(anonymous_5)
FNDA:1,(anonymous_6)
FNDA:0,(anonymous_7)
FNDA:0,(anonymous_8)
FNDA:0,(anonymous_9)
FNDA:0,(anonymous_10)
FNDA:0,(anonymous_11)
FNDA:1,(anonymous_12)
FNDA:1,(anonymous_13)
FNDA:1,(anonymous_14)
FNDA:1,(anonymous_15)
FNDA:1,(anonymous_16)
FNDA:1,(anonymous_17)
FNDA:1,(anonymous_18)
FNDA:4,(anonymous_19)
FNDA:2,(anonymous_20)
FNDA:1,(anonymous_21)
FNDA:1,(anonymous_22)
FNDA:1,(anonymous_23)
FNDA:1,(anonymous_24)
FNDA:1,(anonymous_25)
FNDA:1,(anonymous_26)
FNDA:1,(anonymous_27)
FNDA:1,(anonymous_28)
FNDA:1,(anonymous_29)
FNDA:1,(anonymous_30)
FNDA:1,(anonymous_31)
FNDA:1,(anonymous_32)
FNDA:1,(anonymous_33)
FNDA:1,(anonymous_34)
FNDA:1,(anonymous_35)
FNDA:1,(anonymous_36)
FNDA:1,(anonymous_37)
FNDA:1,(anonymous_38)
FNDA:1,(anonymous_39)
FNDA:1,(anonymous_40)
FNDA:1,(anonymous_41)
FNDA:1,(anonymous_42)
FNDA:1,(anonymous_43)
FNDA:1,(anonymous_44)
FNDA:1,(anonymous_45)
FNDA:1,(anonymous_46)
FNDA:0,(anonymous_47)
FNDA:0,(anonymous_48)
FNDA:0,(anonymous_49)
FNDA:1,(anonymous_50)
FNDA:1,(anonymous_51)
FNDA:1,(anonymous_52)
FNDA:1,(anonymous_53)
FNDA:1,(anonymous_54)
FNDA:1,(anonymous_55)
FNDA:1,(anonymous_56)
FNDA:1,(anonymous_57)
FNDA:1,(anonymous_58)
FNDA:1,(anonymous_59)
FNDA:1,(anonymous_60)
FNDA:1,(anonymous_61)
FNDA:1,(anonymous_62)
FNDA:1,(anonymous_63)
FNDA:1,(anonymous_64)
FNDA:1,(anonymous_65)
FNDA:1,(anonymous_66)
FNDA:1,(anonymous_67)
FNDA:1,(anonymous_68)
FNDA:1,(anonymous_69)
FNDA:1,(anonymous_70)
FNDA:1,(anonymous_71)
FNDA:1,(anonymous_72)
FNDA:1,(anonymous_73)
FNDA:1,(anonymous_74)
FNDA:1,(anonymous_75)
FNDA:1,(anonymous_76)
FNDA:1,(anonymous_77)
FNDA:1,(anonymous_78)
FNDA:0,(anonymous_79)
FNDA:0,(anonymous_80)
FNDA:0,(anonymous_81)
FNDA:1,(anonymous_82)
FNDA:1,(anonymous_83)
FNDA:1,(anonymous_84)
FNDA:1,(anonymous_85)
FNDA:0,(anonymous_86)
FNDA:0,(anonymous_87)
FNDA:0,(anonymous_88)
FNDA:0,(anonymous_89)
FNDA:1,(anonymous_90)
FNDA:1,(anonymous_91)
FNDA:1,(anonymous_92)
FNDA:1,(anonymous_93)
FNDA:1,(anonymous_94)
FNDA:0,(anonymous_95)
FNDA:0,(anonymous_96)
FNDA:0,(anonymous_97)
FNDA:1,(anonymous_98)
FNDA:1,(anonymous_99)
FNDA:1,(anonymous_100)
FNDA:1,(anonymous_101)
FNDA:1,(anonymous_102)
FNDA:1,(anonymous_103)
FNDA:1,(anonymous_104)
FNDA:1,(anonymous_105)
FNDA:1,(anonymous_106)
FNDA:1,(anonymous_107)
FNDA:1,(anonymous_108)
FNDA:1,(anonymous_109)
FNDA:1,(anonymous_110)
FNDA:1,(anonymous_111)
FNDA:1,(anonymous_112)
FNDA:1,(anonymous_113)
FNDA:1,(anonymous_114)
FNDA:1,(anonymous_115)
FNDA:1,(anonymous_116)
FNDA:1,(anonymous_117)
DA:16,1
DA:17,1
DA:18,1
DA:19,1
DA:20,1
DA:21,1
DA:22,1
DA:24,1
DA:26,1
DA:28,1
DA:30,1
DA:32,1
DA:33,1
DA:35,1
DA:37,1
DA:41,1
DA:43,1
DA:53,1
DA:55,1
DA:57,1
DA:61,1
DA:63,1
DA:73,1
DA:75,1
DA:77,1
DA:83,1
DA:85,1
DA:87,1
DA:89,1
DA:90,1
DA:91,1
DA:92,1
DA:93,1
DA:94,1
DA:96,1
DA:98,1
DA:111,1
DA:113,1
DA:118,1
DA:120,1
DA:122,1
DA:123,1
DA:124,1
DA:125,1
DA:126,1
DA:130,1
DA:132,1
DA:133,1
DA:134,1
DA:135,1
DA:136,1
DA:140,1
DA:142,1
DA:143,1
DA:144,1
DA:145,1
DA:149,1
DA:151,1
DA:152,1
DA:153,1
DA:159,1
DA:163,1
DA:165,1
DA:166,4
DA:169,2
DA:171,1
DA:172,1
DA:173,1
DA:185,1
DA:196,1
DA:198,1
DA:199,1
DA:202,1
DA:203,1
DA:204,1
DA:205,1
DA:206,1
DA:209,1
DA:210,1
DA:211,1
DA:215,1
DA:217,1
DA:218,1
DA:219,1
DA:220,1
DA:222,1
DA:223,1
DA:224,1
DA:226,1
DA:227,1
DA:228,1
DA:229,1
DA:231,1
DA:233,1
DA:234,1
DA:237,1
DA:238,1
DA:241,1
DA:242,1
DA:245,1
DA:246,1
DA:249,1
DA:250,1
DA:253,1
DA:254,1
DA:259,1
DA:263,1
DA:267,1
DA:271,1
DA:275,1
DA:279,1
DA:282,1
DA:284,1
DA:285,1
DA:288,1
DA:289,1
DA:292,1
DA:293,1
DA:295,1
DA:296,1
DA:301,1
DA:303,1
DA:304,1
DA:307,1
DA:308,1
DA:311,1
DA:312,1
DA:314,1
DA:315,1
DA:320,1
DA:322,1
DA:323,1
DA:326,1
DA:327,1
DA:330,1
DA:331,1
DA:333,1
DA:334,1
DA:335,1
DA:336,1
DA:337,1
DA:338,1
DA:339,1
DA:344,1
DA:346,1
DA:347,1
DA:350,1
DA:351,1
DA:354,1
DA:356,1
DA:357,1
DA:359,1
DA:363,1
DA:369,1
DA:371,1
DA:373,1
DA:374,1
DA:375,1
DA:377,1
DA:378,1
DA:380,1
DA:382,1
DA:383,1
DA:388,1
DA:390,1
DA:391,1
DA:392,1
DA:394,1
DA:395,1
DA:397,1
DA:399,1
DA:400,1
DA:405,1
DA:407,1
DA:408,1
DA:409,1
DA:411,1
DA:412,1
DA:414,1
DA:416,1
DA:417,1
DA:422,1
DA:424,1
DA:425,1
DA:426,1
DA:428,1
DA:429,1
DA:430,1
DA:432,1
DA:433,1
DA:435,1
DA:437,1
DA:438,1
DA:441,1
DA:445,1
DA:447,1
DA:448,1
DA:449,1
DA:451,1
DA:452,1
DA:453,1
DA:455,1
DA:456,1
DA:458,1
DA:460,1
DA:461,1
DA:464,1
DA:468,1
DA:470,1
DA:471,1
DA:472,1
DA:474,1
DA:475,1
DA:476,1
DA:478,1
DA:479,1
DA:481,1
DA:483,1
DA:484,1
DA:487,1
DA:495,1
DA:497,1
DA:499,1
DA:500,1
DA:502,1
DA:503,1
DA:505,1
DA:507,1
DA:508,1
DA:513,1
DA:515,1
DA:516,1
DA:518,1
DA:519,1
DA:521,1
DA:523,1
DA:524,1
DA:529,1
DA:531,1
DA:532,1
DA:534,1
DA:535,1
DA:537,1
DA:539,1
DA:540,1
LF:245
LH:245
BRF:0
BRH:0
end_of_record
TN:
SF:D:\GitHub\ApertureProject\SWE\package_npm\test\modelServer\dataManager\DatabaseUserManager\DatabaseUserManager.test.js
FN:27,(anonymous_1)
FN:29,(anonymous_2)
FN:31,(anonymous_3)
FN:33,(anonymous_4)
FN:40,(anonymous_5)
FN:46,(anonymous_6)
FN:48,(anonymous_7)
FN:55,(anonymous_8)
FN:63,(anonymous_9)
FN:65,(anonymous_10)
FN:67,(anonymous_11)
FN:68,(anonymous_12)
FN:77,(anonymous_13)
FN:79,(anonymous_14)
FN:83,(anonymous_15)
FN:85,(anonymous_16)
FN:86,(anonymous_17)
FN:95,(anonymous_18)
FN:97,(anonymous_19)
FN:101,(anonymous_20)
FN:103,(anonymous_21)
FN:104,(anonymous_22)
FN:113,(anonymous_23)
FN:115,(anonymous_24)
FN:119,(anonymous_25)
FN:121,(anonymous_26)
FN:122,(anonymous_27)
FN:131,(anonymous_28)
FN:135,(anonymous_29)
FN:143,(anonymous_30)
FN:145,(anonymous_31)
FN:147,(anonymous_32)
FN:148,(anonymous_33)
FN:152,(anonymous_34)
FN:158,(anonymous_35)
FN:160,(anonymous_36)
FN:161,(anonymous_37)
FN:165,(anonymous_38)
FN:173,(anonymous_39)
FN:175,(anonymous_40)
FN:177,(anonymous_41)
FN:178,(anonymous_42)
FN:182,(anonymous_43)
FN:188,(anonymous_44)
FN:190,(anonymous_45)
FN:191,(anonymous_46)
FN:195,(anonymous_47)
FN:203,(anonymous_48)
FN:205,(anonymous_49)
FN:207,(anonymous_50)
FN:211,(anonymous_51)
FN:217,(anonymous_52)
FN:219,(anonymous_53)
FN:223,(anonymous_54)
FN:231,(anonymous_55)
FN:233,(anonymous_56)
FN:235,(anonymous_57)
FN:236,(anonymous_58)
FN:249,(anonymous_59)
FN:258,(anonymous_60)
FN:260,(anonymous_61)
FN:261,(anonymous_62)
FN:267,(anonymous_63)
FN:276,(anonymous_64)
FN:278,(anonymous_65)
FN:279,(anonymous_66)
FN:292,(anonymous_67)
FN:300,(anonymous_68)
FN:302,(anonymous_69)
FN:304,(anonymous_70)
FN:305,(anonymous_71)
FN:309,(anonymous_72)
FN:317,(anonymous_73)
FN:319,(anonymous_74)
FN:321,(anonymous_75)
FN:322,(anonymous_76)
FN:326,(anonymous_77)
FN:334,(anonymous_78)
FN:336,(anonymous_79)
FN:338,(anonymous_80)
FN:342,(anonymous_81)
FN:348,(anonymous_82)
FN:350,(anonymous_83)
FN:354,(anonymous_84)
FN:362,(anonymous_85)
FN:364,(anonymous_86)
FN:366,(anonymous_87)
FN:370,(anonymous_88)
FN:376,(anonymous_89)
FN:378,(anonymous_90)
FN:382,(anonymous_91)
FNF:91
FNH:84
FNDA:1,(anonymous_1)
FNDA:1,(anonymous_2)
FNDA:1,(anonymous_3)
FNDA:1,(anonymous_4)
FNDA:1,(anonymous_5)
FNDA:1,(anonymous_6)
FNDA:1,(anonymous_7)
FNDA:1,(anonymous_8)
FNDA:1,(anonymous_9)
FNDA:1,(anonymous_10)
FNDA:0,(anonymous_11)
FNDA:0,(anonymous_12)
FNDA:1,(anonymous_13)
FNDA:0,(anonymous_14)
FNDA:1,(anonymous_15)
FNDA:1,(anonymous_16)
FNDA:0,(anonymous_17)
FNDA:1,(anonymous_18)
FNDA:0,(anonymous_19)
FNDA:1,(anonymous_20)
FNDA:1,(anonymous_21)
FNDA:1,(anonymous_22)
FNDA:1,(anonymous_23)
FNDA:0,(anonymous_24)
FNDA:1,(anonymous_25)
FNDA:1,(anonymous_26)
FNDA:1,(anonymous_27)
FNDA:1,(anonymous_28)
FNDA:0,(anonymous_29)
FNDA:1,(anonymous_30)
FNDA:1,(anonymous_31)
FNDA:1,(anonymous_32)
FNDA:1,(anonymous_33)
FNDA:1,(anonymous_34)
FNDA:1,(anonymous_35)
FNDA:1,(anonymous_36)
FNDA:1,(anonymous_37)
FNDA:1,(anonymous_38)
FNDA:1,(anonymous_39)
FNDA:1,(anonymous_40)
FNDA:1,(anonymous_41)
FNDA:1,(anonymous_42)
FNDA:1,(anonymous_43)
FNDA:1,(anonymous_44)
FNDA:1,(anonymous_45)
FNDA:1,(anonymous_46)
FNDA:1,(anonymous_47)
FNDA:1,(anonymous_48)
FNDA:1,(anonymous_49)
FNDA:1,(anonymous_50)
FNDA:1,(anonymous_51)
FNDA:1,(anonymous_52)
FNDA:1,(anonymous_53)
FNDA:1,(anonymous_54)
FNDA:1,(anonymous_55)
FNDA:1,(anonymous_56)
FNDA:1,(anonymous_57)
FNDA:1,(anonymous_58)
FNDA:1,(anonymous_59)
FNDA:1,(anonymous_60)
FNDA:1,(anonymous_61)
FNDA:1,(anonymous_62)
FNDA:1,(anonymous_63)
FNDA:1,(anonymous_64)
FNDA:1,(anonymous_65)
FNDA:1,(anonymous_66)
FNDA:1,(anonymous_67)
FNDA:1,(anonymous_68)
FNDA:1,(anonymous_69)
FNDA:1,(anonymous_70)
FNDA:1,(anonymous_71)
FNDA:1,(anonymous_72)
FNDA:1,(anonymous_73)
FNDA:1,(anonymous_74)
FNDA:1,(anonymous_75)
FNDA:1,(anonymous_76)
FNDA:1,(anonymous_77)
FNDA:1,(anonymous_78)
FNDA:1,(anonymous_79)
FNDA:1,(anonymous_80)
FNDA:1,(anonymous_81)
FNDA:1,(anonymous_82)
FNDA:1,(anonymous_83)
FNDA:1,(anonymous_84)
FNDA:1,(anonymous_85)
FNDA:1,(anonymous_86)
FNDA:1,(anonymous_87)
FNDA:1,(anonymous_88)
FNDA:1,(anonymous_89)
FNDA:1,(anonymous_90)
FNDA:1,(anonymous_91)
DA:16,1
DA:17,1
DA:18,1
DA:19,1
DA:20,1
DA:21,1
DA:23,1
DA:25,1
DA:27,1
DA:29,1
DA:31,1
DA:33,1
DA:35,1
DA:40,1
DA:41,1
DA:46,1
DA:48,1
DA:50,1
DA:55,1
DA:56,1
DA:63,1
DA:65,1
DA:67,1
DA:68,1
DA:70,1
DA:77,1
DA:78,1
DA:83,1
DA:85,1
DA:86,1
DA:88,1
DA:95,1
DA:96,1
DA:101,1
DA:103,1
DA:104,1
DA:106,1
DA:113,1
DA:114,1
DA:119,1
DA:121,1
DA:122,1
DA:124,1
DA:131,1
DA:133,1
DA:135,1
DA:137,1
DA:143,1
DA:145,1
DA:147,1
DA:148,1
DA:150,1
DA:152,1
DA:153,1
DA:158,1
DA:160,1
DA:161,1
DA:163,1
DA:165,1
DA:166,1
DA:173,1
DA:175,1
DA:177,1
DA:178,1
DA:180,1
DA:182,1
DA:183,1
DA:188,1
DA:190,1
DA:191,1
DA:193,1
DA:195,1
DA:196,1
DA:203,1
DA:205,1
DA:207,1
DA:209,1
DA:211,1
DA:212,1
DA:217,1
DA:219,1
DA:221,1
DA:223,1
DA:224,1
DA:231,1
DA:233,1
DA:235,1
DA:236,1
DA:238,1
DA:249,1
DA:250,1
DA:251,1
DA:252,1
DA:253,1
DA:258,1
DA:260,1
DA:261,1
DA:263,1
DA:267,1
DA:268,1
DA:269,1
DA:270,1
DA:271,1
DA:276,1
DA:278,1
DA:279,1
DA:281,1
DA:292,1
DA:293,1
DA:300,1
DA:302,1
DA:304,1
DA:305,1
DA:307,1
DA:309,1
DA:310,1
DA:317,1
DA:319,1
DA:321,1
DA:322,1
DA:324,1
DA:326,1
DA:327,1
DA:334,1
DA:336,1
DA:338,1
DA:340,1
DA:342,1
DA:343,1
DA:348,1
DA:350,1
DA:352,1
DA:354,1
DA:355,1
DA:362,1
DA:364,1
DA:366,1
DA:368,1
DA:370,1
DA:371,1
DA:376,1
DA:378,1
DA:380,1
DA:382,1
DA:383,1
LF:145
LH:145
BRF:0
BRH:0
end_of_record
TN:
SF:D:\GitHub\ApertureProject\SWE\package_npm\test\modelServer\dataManager\DatabaseUserManager\DataRetrieverUsers.test.js
FN:24,(anonymous_1)
FN:26,(anonymous_2)
FN:40,(anonymous_3)
FN:42,(anonymous_4)
FN:44,(anonymous_5)
FN:46,(anonymous_6)
FN:53,(anonymous_7)
FN:55,(anonymous_8)
FN:57,(anonymous_9)
FN:64,(anonymous_10)
FN:66,(anonymous_11)
FN:68,(anonymous_12)
FN:77,(anonymous_13)
FN:79,(anonymous_14)
FN:82,(anonymous_15)
FN:85,(anonymous_16)
FN:86,(anonymous_17)
FN:108,(anonymous_18)
FN:114,(anonymous_19)
FN:117,(anonymous_20)
FN:120,(anonymous_21)
FN:121,(anonymous_22)
FN:143,(anonymous_23)
FN:149,(anonymous_24)
FN:152,(anonymous_25)
FN:155,(anonymous_26)
FN:156,(anonymous_27)
FN:178,(anonymous_28)
FN:186,(anonymous_29)
FN:218,(anonymous_30)
FN:220,(anonymous_31)
FN:223,(anonymous_32)
FN:226,(anonymous_33)
FN:227,(anonymous_34)
FN:241,(anonymous_35)
FN:247,(anonymous_36)
FN:250,(anonymous_37)
FN:253,(anonymous_38)
FN:254,(anonymous_39)
FN:268,(anonymous_40)
FN:274,(anonymous_41)
FN:277,(anonymous_42)
FN:280,(anonymous_43)
FN:281,(anonymous_44)
FN:295,(anonymous_45)
FN:301,(anonymous_46)
FN:304,(anonymous_47)
FN:307,(anonymous_48)
FN:308,(anonymous_49)
FN:322,(anonymous_50)
FN:328,(anonymous_51)
FN:331,(anonymous_52)
FN:334,(anonymous_53)
FN:335,(anonymous_54)
FN:349,(anonymous_55)
FN:355,(anonymous_56)
FN:358,(anonymous_57)
FN:361,(anonymous_58)
FN:362,(anonymous_59)
FN:376,(anonymous_60)
FN:382,(anonymous_61)
FN:385,(anonymous_62)
FN:388,(anonymous_63)
FN:389,(anonymous_64)
FN:403,(anonymous_65)
FN:412,(anonymous_66)
FN:414,(anonymous_67)
FN:417,(anonymous_68)
FN:420,(anonymous_69)
FN:421,(anonymous_70)
FN:428,(anonymous_71)
FN:433,(anonymous_72)
FN:436,(anonymous_73)
FN:439,(anonymous_74)
FN:440,(anonymous_75)
FN:447,(anonymous_76)
FN:452,(anonymous_77)
FN:455,(anonymous_78)
FN:458,(anonymous_79)
FN:459,(anonymous_80)
FN:466,(anonymous_81)
FNF:81
FNH:78
FNDA:1,(anonymous_1)
FNDA:1,(anonymous_2)
FNDA:1,(anonymous_3)
FNDA:1,(anonymous_4)
FNDA:1,(anonymous_5)
FNDA:1,(anonymous_6)
FNDA:1,(anonymous_7)
FNDA:1,(anonymous_8)
FNDA:1,(anonymous_9)
FNDA:1,(anonymous_10)
FNDA:1,(anonymous_11)
FNDA:1,(anonymous_12)
FNDA:1,(anonymous_13)
FNDA:1,(anonymous_14)
FNDA:1,(anonymous_15)
FNDA:1,(anonymous_16)
FNDA:1,(anonymous_17)
FNDA:1,(anonymous_18)
FNDA:1,(anonymous_19)
FNDA:1,(anonymous_20)
FNDA:1,(anonymous_21)
FNDA:1,(anonymous_22)
FNDA:1,(anonymous_23)
FNDA:1,(anonymous_24)
FNDA:1,(anonymous_25)
FNDA:1,(anonymous_26)
FNDA:1,(anonymous_27)
FNDA:1,(anonymous_28)
FNDA:1,(anonymous_29)
FNDA:1,(anonymous_30)
FNDA:1,(anonymous_31)
FNDA:0,(anonymous_32)
FNDA:0,(anonymous_33)
FNDA:0,(anonymous_34)
FNDA:1,(anonymous_35)
FNDA:1,(anonymous_36)
FNDA:1,(anonymous_37)
FNDA:1,(anonymous_38)
FNDA:1,(anonymous_39)
FNDA:1,(anonymous_40)
FNDA:1,(anonymous_41)
FNDA:1,(anonymous_42)
FNDA:1,(anonymous_43)
FNDA:1,(anonymous_44)
FNDA:1,(anonymous_45)
FNDA:1,(anonymous_46)
FNDA:1,(anonymous_47)
FNDA:1,(anonymous_48)
FNDA:1,(anonymous_49)
FNDA:1,(anonymous_50)
FNDA:1,(anonymous_51)
FNDA:1,(anonymous_52)
FNDA:1,(anonymous_53)
FNDA:1,(anonymous_54)
FNDA:1,(anonymous_55)
FNDA:1,(anonymous_56)
FNDA:1,(anonymous_57)
FNDA:1,(anonymous_58)
FNDA:1,(anonymous_59)
FNDA:1,(anonymous_60)
FNDA:1,(anonymous_61)
FNDA:1,(anonymous_62)
FNDA:1,(anonymous_63)
FNDA:1,(anonymous_64)
FNDA:1,(anonymous_65)
FNDA:1,(anonymous_66)
FNDA:1,(anonymous_67)
FNDA:1,(anonymous_68)
FNDA:1,(anonymous_69)
FNDA:1,(anonymous_70)
FNDA:1,(anonymous_71)
FNDA:1,(anonymous_72)
FNDA:1,(anonymous_73)
FNDA:1,(anonymous_74)
FNDA:1,(anonymous_75)
FNDA:2,(anonymous_76)
FNDA:1,(anonymous_77)
FNDA:1,(anonymous_78)
FNDA:1,(anonymous_79)
FNDA:1,(anonymous_80)
FNDA:1,(anonymous_81)
DA:16,1
DA:17,1
DA:18,1
DA:19,1
DA:20,1
DA:22,1
DA:24,1
DA:26,1
DA:40,1
DA:42,1
DA:44,1
DA:46,1
DA:47,1
DA:48,1
DA:53,1
DA:55,1
DA:57,1
DA:58,1
DA:59,1
DA:64,1
DA:66,1
DA:68,1
DA:69,1
DA:70,1
DA:77,1
DA:79,1
DA:80,1
DA:84,1
DA:86,1
DA:94,1
DA:108,1
DA:109,1
DA:114,1
DA:115,1
DA:119,1
DA:121,1
DA:129,1
DA:143,1
DA:144,1
DA:149,1
DA:150,1
DA:154,1
DA:156,1
DA:164,1
DA:178,1
DA:179,1
DA:186,1
DA:218,1
DA:220,1
DA:221,1
DA:225,0
DA:227,0
DA:235,1
DA:241,1
DA:242,1
DA:247,1
DA:248,1
DA:252,1
DA:254,1
DA:262,1
DA:268,1
DA:269,1
DA:274,1
DA:275,1
DA:279,1
DA:281,1
DA:289,1
DA:295,1
DA:296,1
DA:301,1
DA:302,1
DA:306,1
DA:308,1
DA:316,1
DA:322,1
DA:323,1
DA:328,1
DA:329,1
DA:333,1
DA:335,1
DA:343,1
DA:349,1
DA:350,1
DA:355,1
DA:356,1
DA:360,1
DA:362,1
DA:370,1
DA:376,1
DA:377,1
DA:382,1
DA:383,1
DA:387,1
DA:389,1
DA:397,1
DA:403,1
DA:404,1
DA:412,1
DA:414,1
DA:415,1
DA:419,1
DA:421,1
DA:428,1
DA:429,1
DA:433,1
DA:434,1
DA:438,1
DA:440,1
DA:447,1
DA:448,2
DA:452,1
DA:453,1
DA:457,1
DA:459,1
DA:466,1
DA:467,1
LF:116
LH:114
BRF:0
BRH:0
end_of_record
TN:
SF:D:\GitHub\ApertureProject\SWE\package_npm\test\modelServer\dataManager\IndexManager\IndexManager.test.js
FN:26,(anonymous_1)
FN:28,(anonymous_2)
FN:30,(anonymous_3)
FN:41,(anonymous_4)
FN:61,(anonymous_5)
FN:84,(anonymous_6)
FN:97,(anonymous_7)
FN:99,(anonymous_8)
FN:102,(anonymous_9)
FN:104,(anonymous_10)
FN:110,(anonymous_11)
FN:113,(anonymous_12)
FN:115,(anonymous_13)
FN:123,(anonymous_14)
FN:126,(anonymous_15)
FN:128,(anonymous_16)
FN:134,(anonymous_17)
FN:141,(anonymous_18)
FN:143,(anonymous_19)
FN:149,(anonymous_20)
FN:161,(anonymous_21)
FN:180,(anonymous_22)
FN:180,(anonymous_23)
FN:184,(anonymous_24)
FN:185,(anonymous_25)
FN:190,(anonymous_26)
FN:191,(anonymous_27)
FN:196,(anonymous_28)
FN:197,(anonymous_29)
FN:202,(anonymous_30)
FN:203,(anonymous_31)
FN:210,(anonymous_32)
FN:213,(anonymous_33)
FN:215,(anonymous_34)
FN:215,(anonymous_35)
FN:215,(anonymous_36)
FN:220,(anonymous_37)
FN:226,(anonymous_38)
FN:228,(anonymous_39)
FN:228,(anonymous_40)
FN:228,(anonymous_41)
FN:233,(anonymous_42)
FN:239,(anonymous_43)
FN:241,(anonymous_44)
FN:241,(anonymous_45)
FN:241,(anonymous_46)
FN:246,(anonymous_47)
FN:282,(anonymous_48)
FN:284,(anonymous_49)
FN:286,(anonymous_50)
FN:286,(anonymous_51)
FN:290,(anonymous_52)
FN:296,(anonymous_53)
FN:298,(anonymous_54)
FN:298,(anonymous_55)
FN:302,(anonymous_56)
FNF:56
FNH:56
FNDA:1,(anonymous_1)
FNDA:1,(anonymous_2)
FNDA:1,(anonymous_3)
FNDA:1,(anonymous_4)
FNDA:1,(anonymous_5)
FNDA:1,(anonymous_6)
FNDA:1,(anonymous_7)
FNDA:1,(anonymous_8)
FNDA:1,(anonymous_9)
FNDA:1,(anonymous_10)
FNDA:1,(anonymous_11)
FNDA:1,(anonymous_12)
FNDA:1,(anonymous_13)
FNDA:1,(anonymous_14)
FNDA:1,(anonymous_15)
FNDA:1,(anonymous_16)
FNDA:1,(anonymous_17)
FNDA:1,(anonymous_18)
FNDA:1,(anonymous_19)
FNDA:1,(anonymous_20)
FNDA:1,(anonymous_21)
FNDA:8,(anonymous_22)
FNDA:8,(anonymous_23)
FNDA:1,(anonymous_24)
FNDA:1,(anonymous_25)
FNDA:1,(anonymous_26)
FNDA:1,(anonymous_27)
FNDA:1,(anonymous_28)
FNDA:1,(anonymous_29)
FNDA:1,(anonymous_30)
FNDA:1,(anonymous_31)
FNDA:1,(anonymous_32)
FNDA:1,(anonymous_33)
FNDA:1,(anonymous_34)
FNDA:1,(anonymous_35)
FNDA:1,(anonymous_36)
FNDA:1,(anonymous_37)
FNDA:1,(anonymous_38)
FNDA:1,(anonymous_39)
FNDA:1,(anonymous_40)
FNDA:1,(anonymous_41)
FNDA:1,(anonymous_42)
FNDA:1,(anonymous_43)
FNDA:1,(anonymous_44)
FNDA:1,(anonymous_45)
FNDA:1,(anonymous_46)
FNDA:1,(anonymous_47)
FNDA:1,(anonymous_48)
FNDA:1,(anonymous_49)
FNDA:1,(anonymous_50)
FNDA:1,(anonymous_51)
FNDA:1,(anonymous_52)
FNDA:1,(anonymous_53)
FNDA:1,(anonymous_54)
FNDA:1,(anonymous_55)
FNDA:1,(anonymous_56)
DA:16,1
DA:17,1
DA:18,1
DA:19,1
DA:20,1
DA:21,1
DA:22,1
DA:24,1
DA:26,1
DA:28,1
DA:30,1
DA:32,1
DA:33,1
DA:35,1
DA:37,1
DA:41,1
DA:43,1
DA:53,1
DA:55,1
DA:57,1
DA:61,1
DA:63,1
DA:73,1
DA:75,1
DA:77,1
DA:84,1
DA:97,1
DA:99,1
DA:101,1
DA:102,1
DA:104,1
DA:105,1
DA:110,1
DA:112,1
DA:113,1
DA:115,1
DA:116,1
DA:123,1
DA:126,1
DA:128,1
DA:130,1
DA:131,1
DA:132,1
DA:134,1
DA:135,1
DA:136,1
DA:141,1
DA:143,1
DA:145,1
DA:146,1
DA:147,1
DA:149,1
DA:150,1
DA:151,1
DA:161,1
DA:163,1
DA:172,1
DA:174,1
DA:180,8
DA:181,1
DA:182,1
DA:184,1
DA:185,1
DA:186,1
DA:190,1
DA:191,1
DA:192,1
DA:196,1
DA:197,1
DA:198,1
DA:202,1
DA:203,1
DA:204,1
DA:210,1
DA:213,1
DA:215,1
DA:217,1
DA:218,1
DA:220,1
DA:221,1
DA:226,1
DA:228,1
DA:230,1
DA:231,1
DA:233,1
DA:234,1
DA:239,1
DA:241,1
DA:243,1
DA:244,1
DA:246,1
DA:247,1
DA:282,1
DA:284,1
DA:286,1
DA:287,1
DA:288,1
DA:290,1
DA:291,1
DA:296,1
DA:298,1
DA:299,1
DA:300,1
DA:302,1
DA:303,1
LF:105
LH:105
BRF:0
BRH:0
end_of_record
TN:
SF:D:\GitHub\ApertureProject\SWE\package_npm\test\modelServer\dataManager\JSonComposer.test.js
FN:23,(anonymous_1)
FN:25,(anonymous_2)
FN:34,(anonymous_3)
FN:37,(anonymous_4)
FN:40,(anonymous_5)
FN:44,(anonymous_6)
FN:48,(anonymous_7)
FN:52,(anonymous_8)
FN:56,(anonymous_9)
FN:60,(anonymous_10)
FN:64,(anonymous_11)
FN:68,(anonymous_12)
FN:72,(anonymous_13)
FN:76,(anonymous_14)
FN:82,(anonymous_15)
FN:90,(anonymous_16)
FN:95,(anonymous_17)
FN:101,(anonymous_18)
FN:107,(anonymous_19)
FN:113,(anonymous_20)
FN:121,(anonymous_21)
FN:132,(anonymous_22)
FN:138,(anonymous_23)
FN:153,(anonymous_24)
FN:162,(anonymous_25)
FN:166,(anonymous_26)
FN:170,(anonymous_27)
FN:191,(anonymous_28)
FN:206,(anonymous_29)
FN:210,(anonymous_30)
FN:214,(anonymous_31)
FN:235,(anonymous_32)
FN:242,(anonymous_33)
FN:257,(anonymous_34)
FN:264,(anonymous_35)
FN:273,(anonymous_36)
FN:280,(anonymous_37)
FN:288,(anonymous_38)
FN:297,(anonymous_39)
FN:308,(anonymous_40)
FN:322,(anonymous_41)
FN:330,(anonymous_42)
FN:334,(anonymous_43)
FN:338,(anonymous_44)
FN:343,(anonymous_45)
FN:350,(anonymous_46)
FN:366,(anonymous_47)
FN:372,(anonymous_48)
FN:379,(anonymous_49)
FN:384,(anonymous_50)
FN:389,(anonymous_51)
FN:399,(anonymous_52)
FN:407,(anonymous_53)
FN:416,(anonymous_54)
FN:422,(anonymous_55)
FN:428,(anonymous_56)
FN:435,(anonymous_57)
FN:443,(anonymous_58)
FN:447,(anonymous_59)
FN:451,(anonymous_60)
FN:459,(anonymous_61)
FN:468,(anonymous_62)
FN:477,(anonymous_63)
FN:486,(anonymous_64)
FN:499,(anonymous_65)
FN:515,(anonymous_66)
FN:521,(anonymous_67)
FN:529,(anonymous_68)
FN:539,(anonymous_69)
FN:551,(anonymous_70)
FN:566,(anonymous_71)
FN:576,(anonymous_72)
FN:585,(anonymous_73)
FNF:73
FNH:73
FNDA:1,(anonymous_1)
FNDA:1,(anonymous_2)
FNDA:1,(anonymous_3)
FNDA:1,(anonymous_4)
FNDA:1,(anonymous_5)
FNDA:1,(anonymous_6)
FNDA:1,(anonymous_7)
FNDA:1,(anonymous_8)
FNDA:1,(anonymous_9)
FNDA:1,(anonymous_10)
FNDA:1,(anonymous_11)
FNDA:1,(anonymous_12)
FNDA:1,(anonymous_13)
FNDA:1,(anonymous_14)
FNDA:1,(anonymous_15)
FNDA:1,(anonymous_16)
FNDA:1,(anonymous_17)
FNDA:1,(anonymous_18)
FNDA:1,(anonymous_19)
FNDA:1,(anonymous_20)
FNDA:1,(anonymous_21)
FNDA:1,(anonymous_22)
FNDA:1,(anonymous_23)
FNDA:1,(anonymous_24)
FNDA:1,(anonymous_25)
FNDA:1,(anonymous_26)
FNDA:1,(anonymous_27)
FNDA:1,(anonymous_28)
FNDA:1,(anonymous_29)
FNDA:1,(anonymous_30)
FNDA:1,(anonymous_31)
FNDA:1,(anonymous_32)
FNDA:1,(anonymous_33)
FNDA:1,(anonymous_34)
FNDA:1,(anonymous_35)
FNDA:1,(anonymous_36)
FNDA:1,(anonymous_37)
FNDA:1,(anonymous_38)
FNDA:1,(anonymous_39)
FNDA:1,(anonymous_40)
FNDA:1,(anonymous_41)
FNDA:1,(anonymous_42)
FNDA:1,(anonymous_43)
FNDA:1,(anonymous_44)
FNDA:1,(anonymous_45)
FNDA:1,(anonymous_46)
FNDA:1,(anonymous_47)
FNDA:1,(anonymous_48)
FNDA:1,(anonymous_49)
FNDA:1,(anonymous_50)
FNDA:1,(anonymous_51)
FNDA:1,(anonymous_52)
FNDA:1,(anonymous_53)
FNDA:1,(anonymous_54)
FNDA:1,(anonymous_55)
FNDA:1,(anonymous_56)
FNDA:1,(anonymous_57)
FNDA:1,(anonymous_58)
FNDA:1,(anonymous_59)
FNDA:1,(anonymous_60)
FNDA:1,(anonymous_61)
FNDA:1,(anonymous_62)
FNDA:1,(anonymous_63)
FNDA:1,(anonymous_64)
FNDA:1,(anonymous_65)
FNDA:1,(anonymous_66)
FNDA:1,(anonymous_67)
FNDA:1,(anonymous_68)
FNDA:1,(anonymous_69)
FNDA:1,(anonymous_70)
FNDA:1,(anonymous_71)
FNDA:1,(anonymous_72)
FNDA:1,(anonymous_73)
DA:16,1
DA:18,1
DA:19,1
DA:20,1
DA:21,1
DA:23,1
DA:25,1
DA:26,1
DA:27,1
DA:28,1
DA:29,1
DA:30,1
DA:31,1
DA:32,1
DA:34,1
DA:35,1
DA:38,1
DA:41,1
DA:44,1
DA:45,1
DA:48,1
DA:49,1
DA:52,1
DA:53,1
DA:56,1
DA:57,1
DA:60,1
DA:61,1
DA:64,1
DA:65,1
DA:68,1
DA:69,1
DA:72,1
DA:73,1
DA:76,1
DA:77,1
DA:82,1
DA:83,1
DA:84,1
DA:85,1
DA:86,1
DA:87,1
DA:88,1
DA:90,1
DA:91,1
DA:92,1
DA:95,1
DA:96,1
DA:97,1
DA:98,1
DA:101,1
DA:102,1
DA:103,1
DA:104,1
DA:107,1
DA:108,1
DA:109,1
DA:110,1
DA:113,1
DA:114,1
DA:115,1
DA:116,1
DA:121,1
DA:122,1
DA:123,1
DA:124,1
DA:125,1
DA:126,1
DA:127,1
DA:128,1
DA:129,1
DA:130,1
DA:132,1
DA:133,1
DA:134,1
DA:138,1
DA:139,1
DA:140,1
DA:141,1
DA:142,1
DA:143,1
DA:144,1
DA:145,1
DA:146,1
DA:147,1
DA:148,1
DA:149,1
DA:150,1
DA:153,1
DA:154,1
DA:155,1
DA:156,1
DA:157,1
DA:158,1
DA:159,1
DA:162,1
DA:163,1
DA:166,1
DA:167,1
DA:170,1
DA:171,1
DA:172,1
DA:173,1
DA:174,1
DA:175,1
DA:176,1
DA:177,1
DA:178,1
DA:179,1
DA:180,1
DA:181,1
DA:182,1
DA:183,1
DA:184,1
DA:185,1
DA:186,1
DA:187,1
DA:188,1
DA:191,1
DA:192,1
DA:193,1
DA:194,1
DA:195,1
DA:196,1
DA:197,1
DA:198,1
DA:199,1
DA:200,1
DA:201,1
DA:202,1
DA:203,1
DA:206,1
DA:207,1
DA:210,1
DA:211,1
DA:214,1
DA:215,1
DA:216,1
DA:217,1
DA:218,1
DA:219,1
DA:220,1
DA:221,1
DA:222,1
DA:223,1
DA:224,1
DA:225,1
DA:226,1
DA:227,1
DA:228,1
DA:229,1
DA:230,1
DA:231,1
DA:232,1
DA:235,1
DA:236,1
DA:237,1
DA:238,1
DA:239,1
DA:242,1
DA:243,1
DA:244,1
DA:245,1
DA:246,1
DA:247,1
DA:248,1
DA:249,1
DA:250,1
DA:251,1
DA:252,1
DA:253,1
DA:254,1
DA:257,1
DA:258,1
DA:259,1
DA:260,1
DA:261,1
DA:264,1
DA:265,1
DA:266,1
DA:267,1
DA:268,1
DA:273,1
DA:274,1
DA:275,1
DA:276,1
DA:277,1
DA:278,1
DA:280,1
DA:281,1
DA:282,1
DA:283,1
DA:284,1
DA:285,1
DA:288,1
DA:289,1
DA:290,1
DA:291,1
DA:292,1
DA:293,1
DA:294,1
DA:297,1
DA:298,1
DA:299,1
DA:300,1
DA:301,1
DA:302,1
DA:303,1
DA:304,1
DA:305,1
DA:308,1
DA:309,1
DA:310,1
DA:311,1
DA:312,1
DA:313,1
DA:314,1
DA:315,1
DA:316,1
DA:317,1
DA:322,1
DA:323,1
DA:324,1
DA:325,1
DA:326,1
DA:327,1
DA:328,1
DA:330,1
DA:331,1
DA:334,1
DA:335,1
DA:338,1
DA:339,1
DA:340,1
DA:343,1
DA:344,1
DA:345,1
DA:346,1
DA:347,1
DA:350,1
DA:351,1
DA:352,1
DA:353,1
DA:366,1
DA:367,1
DA:368,1
DA:369,1
DA:370,1
DA:372,1
DA:373,1
DA:374,1
DA:375,1
DA:376,1
DA:379,1
DA:380,1
DA:381,1
DA:384,1
DA:385,1
DA:386,1
DA:389,1
DA:390,1
DA:391,1
DA:392,1
DA:393,1
DA:394,1
DA:395,1
DA:396,1
DA:399,1
DA:400,1
DA:401,1
DA:402,1
DA:403,1
DA:404,1
DA:407,1
DA:408,1
DA:409,1
DA:410,1
DA:411,1
DA:412,1
DA:416,1
DA:417,1
DA:418,1
DA:419,1
DA:420,1
DA:422,1
DA:423,1
DA:424,1
DA:425,1
DA:428,1
DA:429,1
DA:430,1
DA:435,1
DA:436,1
DA:437,1
DA:438,1
DA:439,1
DA:440,1
DA:441,1
DA:443,1
DA:444,1
DA:447,1
DA:448,1
DA:451,1
DA:452,1
DA:453,1
DA:454,1
DA:455,1
DA:456,1
DA:459,1
DA:460,1
DA:461,1
DA:462,1
DA:463,1
DA:464,1
DA:465,1
DA:468,1
DA:469,1
DA:470,1
DA:471,1
DA:472,1
DA:473,1
DA:474,1
DA:477,1
DA:478,1
DA:479,1
DA:480,1
DA:481,1
DA:482,1
DA:483,1
DA:486,1
DA:487,1
DA:488,1
DA:489,1
DA:490,1
DA:491,1
DA:492,1
DA:493,1
DA:494,1
DA:495,1
DA:496,1
DA:499,1
DA:500,1
DA:501,1
DA:502,1
DA:503,1
DA:504,1
DA:505,1
DA:506,1
DA:507,1
DA:508,1
DA:509,1
DA:510,1
DA:515,1
DA:516,1
DA:517,1
DA:518,1
DA:519,1
DA:521,1
DA:522,1
DA:523,1
DA:524,1
DA:525,1
DA:526,1
DA:529,1
DA:530,1
DA:531,1
DA:532,1
DA:533,1
DA:534,1
DA:535,1
DA:539,1
DA:540,1
DA:541,1
DA:542,1
DA:543,1
DA:544,1
DA:545,1
DA:546,1
DA:547,1
DA:548,1
DA:551,1
DA:552,1
DA:553,1
DA:554,1
DA:555,1
DA:556,1
DA:557,1
DA:558,1
DA:559,1
DA:560,1
DA:561,1
DA:566,1
DA:567,1
DA:568,1
DA:569,1
DA:570,1
DA:571,1
DA:572,1
DA:573,1
DA:574,1
DA:576,1
DA:577,1
DA:578,1
DA:579,1
DA:580,1
DA:581,1
DA:582,1
DA:585,1
DA:586,1
DA:587,1
DA:588,1
DA:589,1
DA:590,1
DA:591,1
DA:592,1
DA:593,1
DA:594,1
DA:595,1
DA:596,1
DA:597,1
DA:598,1
DA:599,1
DA:600,1
DA:601,1
LF:424
LH:424
BRF:0
BRH:0
end_of_record
TN:
SF:D:\GitHub\ApertureProject\SWE\package_npm\test\modelServer\DSL\DSLManager.test.js
FN:24,(anonymous_1)
FN:26,(anonymous_2)
FN:28,(anonymous_3)
FN:35,(anonymous_4)
FN:44,(anonymous_5)
FN:48,(anonymous_6)
FN:52,(anonymous_7)
FNF:7
FNH:7
FNDA:1,(anonymous_1)
FNDA:1,(anonymous_2)
FNDA:1,(anonymous_3)
FNDA:1,(anonymous_4)
FNDA:1,(anonymous_5)
FNDA:1,(anonymous_6)
FNDA:1,(anonymous_7)
DA:17,1
DA:18,1
DA:19,1
DA:20,1
DA:22,1
DA:24,1
DA:26,1
DA:28,1
DA:29,1
DA:30,1
DA:31,1
DA:32,1
DA:36,1
DA:37,1
DA:38,1
DA:39,1
DA:44,1
DA:48,1
DA:52,1
LF:19
LH:19
BRF:0
BRH:0
end_of_record
TN:
SF:D:\GitHub\ApertureProject\SWE\package_npm\test\modelServer\DSL\DSLParser.test.js
FN:26,(anonymous_1)
FN:33,(anonymous_2)
FN:35,(anonymous_3)
FN:41,(anonymous_4)
FN:51,(anonymous_5)
FN:53,(anonymous_6)
FN:55,(anonymous_7)
FN:60,(anonymous_8)
FN:62,(anonymous_9)
FN:68,(anonymous_10)
FN:76,(anonymous_11)
FN:78,(anonymous_12)
FN:80,(anonymous_13)
FN:84,(anonymous_14)
FN:86,(anonymous_15)
FN:92,(anonymous_16)
FN:94,(anonymous_17)
FN:100,(anonymous_18)
FN:106,(anonymous_19)
FN:114,(anonymous_20)
FN:116,(anonymous_21)
FN:122,(anonymous_22)
FN:130,(anonymous_23)
FN:137,(anonymous_24)
FNF:24
FNH:24
FNDA:1,(anonymous_1)
FNDA:1,(anonymous_2)
FNDA:1,(anonymous_3)
FNDA:1,(anonymous_4)
FNDA:1,(anonymous_5)
FNDA:1,(anonymous_6)
FNDA:1,(anonymous_7)
FNDA:1,(anonymous_8)
FNDA:1,(anonymous_9)
FNDA:1,(anonymous_10)
FNDA:1,(anonymous_11)
FNDA:1,(anonymous_12)
FNDA:1,(anonymous_13)
FNDA:1,(anonymous_14)
FNDA:1,(anonymous_15)
FNDA:1,(anonymous_16)
FNDA:1,(anonymous_17)
FNDA:1,(anonymous_18)
FNDA:1,(anonymous_19)
FNDA:1,(anonymous_20)
FNDA:1,(anonymous_21)
FNDA:1,(anonymous_22)
FNDA:1,(anonymous_23)
FNDA:1,(anonymous_24)
DA:17,1
DA:18,1
DA:19,1
DA:20,1
DA:22,1
DA:24,1
DA:26,1
DA:28,1
DA:33,1
DA:35,1
DA:36,1
DA:37,1
DA:38,1
DA:42,1
DA:43,1
DA:44,1
DA:45,1
DA:46,1
DA:51,1
DA:53,1
DA:54,1
DA:55,1
DA:56,1
DA:60,1
DA:62,1
DA:63,1
DA:64,1
DA:65,1
DA:69,1
DA:70,1
DA:71,1
DA:76,1
DA:78,1
DA:79,1
DA:80,1
DA:81,1
DA:85,1
DA:86,1
DA:87,1
DA:92,1
DA:94,1
DA:95,1
DA:96,1
DA:97,1
DA:101,1
DA:102,1
DA:103,1
DA:107,1
DA:108,1
DA:109,1
DA:114,1
DA:116,1
DA:117,1
DA:118,1
DA:119,1
DA:123,1
DA:124,1
DA:125,1
DA:130,1
DA:132,1
DA:133,1
DA:134,1
DA:135,1
DA:137,1
DA:139,1
DA:140,1
DA:142,1
DA:143,1
DA:145,1
DA:146,1
DA:148,1
DA:149,1
DA:151,1
DA:152,1
DA:154,1
DA:155,1
DA:157,1
DA:158,1
DA:160,1
DA:162,1
DA:164,2
DA:165,2
DA:166,2
DA:167,2
DA:170,1
DA:171,1
DA:172,1
DA:173,1
DA:175,1
DA:176,1
DA:177,1
DA:178,1
DA:180,1
DA:181,1
DA:182,1
DA:183,1
DA:185,1
DA:186,1
DA:188,1
DA:189,1
DA:191,2
DA:192,2
DA:193,2
DA:194,2
DA:197,1
DA:198,1
DA:199,1
DA:200,1
DA:202,1
DA:203,1
DA:204,1
DA:205,1
LF:112
LH:112
BRF:0
BRH:0
end_of_record
TN:
SF:D:\GitHub\ApertureProject\SWE\package_npm\test\modelServer\DSL\index.test.js
FN:26,(anonymous_1)
FN:28,(anonymous_2)
FN:30,(anonymous_3)
FN:32,(anonymous_4)
FNF:4
FNH:4
FNDA:1,(anonymous_1)
FNDA:1,(anonymous_2)
FNDA:1,(anonymous_3)
FNDA:1,(anonymous_4)
DA:16,1
DA:17,1
DA:18,1
DA:19,1
DA:20,1
DA:21,1
DA:22,1
DA:24,1
DA:26,1
DA:28,1
DA:30,1
DA:32,1
DA:33,1
DA:35,1
DA:37,1
DA:38,1
DA:40,1
LF:17
LH:17
BRF:0
BRH:0
end_of_record
TN:
SF:D:\GitHub\ApertureProject\SWE\package_npm\test\modelServer\DSL\schemaGenerator.test.js
FN:24,(anonymous_1)
FN:26,(anonymous_2)
FN:32,(anonymous_3)
FN:37,(anonymous_4)
FN:44,(anonymous_5)
FN:50,(anonymous_6)
FN:56,(anonymous_7)
FN:66,(anonymous_8)
FN:74,(anonymous_9)
FNF:9
FNH:9
FNDA:1,(anonymous_1)
FNDA:1,(anonymous_2)
FNDA:1,(anonymous_3)
FNDA:1,(anonymous_4)
FNDA:1,(anonymous_5)
FNDA:1,(anonymous_6)
FNDA:1,(anonymous_7)
FNDA:1,(anonymous_8)
FNDA:1,(anonymous_9)
DA:17,1
DA:18,1
DA:19,1
DA:20,1
DA:22,1
DA:24,1
DA:26,1
DA:28,1
DA:29,1
DA:30,1
DA:32,1
DA:33,1
DA:34,1
DA:38,1
DA:39,1
DA:44,1
DA:46,1
DA:47,1
DA:48,1
DA:50,1
DA:51,1
DA:52,1
DA:53,1
DA:57,1
DA:58,1
DA:59,1
DA:60,1
DA:61,1
DA:66,1
DA:68,1
DA:69,1
DA:71,1
DA:72,1
DA:74,1
DA:75,1
LF:35
LH:35
BRF:0
BRH:0
end_of_record
TN:
SF:D:\GitHub\ApertureProject\SWE\package_npm\test\modelServer\DSL\configForSchemaGenerator.js
FNF:0
FNH:0
DA:1,1
DA:10,1
DA:17,1
DA:22,1
DA:30,1
DA:36,1
LF:6
LH:6
BRF:0
BRH:0
end_of_record
